ncverilog: 15.20-s039: (c) Copyright 1995-2017 Cadence Design Systems, Inc.
TOOL:	ncverilog	15.20-s039: Started on Mar 02, 2022 at 16:50:38 CST
ncverilog
	testfixture.v
	CONV.v
Recompiling... reason: file './testfixture.v' is newer than expected.
	expected: Tue Mar 26 08:30:22 2019
	actual:   Wed Mar  2 16:50:28 2022
file: testfixture.v
	module worklib.testfixture:v
		errors: 0, warnings: 0
		Caching library 'worklib' ....... Done
	Elaborating the design hierarchy:
	Building instance overlay tables: .................... Done
	Generating native compiled code:
		worklib.testfixture:v <0x582ea726>
			streams:  31, words: 38971
	Building instance specific data structures.
	Loading native compiled code:     .................... Done
	Design hierarchy summary:
		                  Instances  Unique
		Modules:                  2       2
		Registers:               56      56
		Scalar wires:             6       -
		Vectored wires:           7       -
		Always blocks:            5       5
		Initial blocks:          14      14
		Pseudo assignments:       3       3
		Simulation timescale:  10ps
	Writing initial simulation snapshot: worklib.testfixture:v
Loading snapshot worklib.testfixture:v .................... Done
*Verdi* Loading libsscore_ius152.so
ncsim> source /usr/cad/cadence/INCISIV/cur/tools/inca/files/ncsimrc
ncsim> run
FSDB Dumper for IUS, Release Verdi_Q-2020.03, Linux, 02/09/2020
(C) 1996 - 2020 by Synopsys, Inc.
*Verdi* FSDB WARNING: The FSDB file already exists. Overwriting the FSDB file may crash the programs that are using this file.
*Verdi* : Create FSDB file 'CONV.fsdb'
*Verdi* : Begin traversing the scopes, layer (0).
*Verdi* WARNING: [NoReadAccess][FilterOut]Name:testfixture.L0_MEM0(116)
*Verdi* WARNING: [NoReadAccess][FilterOut]Name:testfixture.L0_MEM1(116)
*Verdi* WARNING: [NoReadAccess][FilterOut]Name:testfixture.L1_MEM0(116)
*Verdi* WARNING: [NoReadAccess][FilterOut]Name:testfixture.L1_MEM1(116)
*Verdi* WARNING: [NoReadAccess][FilterOut]Name:testfixture.L2_MEM(116)
*Verdi* WARNING: [NoReadAccess][FilterOut]Name:testfixture.reset(48)
*Verdi* WARNING: [NoReadAccess][FilterOut]Name:testfixture.clk(48)
*Verdi* WARNING: [NoReadAccess][FilterOut]Name:testfixture.ready(48)
*Verdi* WARNING: [NoReadAccess][FilterOut]Name:testfixture.cdata_rd(48)
*Verdi* WARNING: [NoReadAccess][FilterOut]Name:testfixture.idata(48)
*Verdi* WARNING: [NoReadAccess][FilterOut]Name:testfixture.p0(25)
*Verdi* WARNING: [NoReadAccess][FilterOut]Name:testfixture.p1(25)
*Verdi* WARNING: [NoReadAccess][FilterOut]Name:testfixture.p3(25)
*Verdi* WARNING: [NoReadAccess][FilterOut]Name:testfixture.p4(25)
*Verdi* WARNING: [NoReadAccess][FilterOut]Name:testfixture.p2(25)
*Verdi* WARNING: [NoReadAccess][FilterOut]Name:testfixture.err00(25)
*Verdi* WARNING: [NoReadAccess][FilterOut]Name:testfixture.err01(25)
*Verdi* WARNING: [NoReadAccess][FilterOut]Name:testfixture.err10(25)
*Verdi* WARNING: [NoReadAccess][FilterOut]Name:testfixture.err11(25)
*Verdi* WARNING: [NoReadAccess][FilterOut]Name:testfixture.err2(25)
*Verdi* WARNING: [NoReadAccess][FilterOut]Name:testfixture.pat_num(25)
*Verdi* WARNING: [NoReadAccess][FilterOut]Name:testfixture.check0(48)
*Verdi* WARNING: [NoReadAccess][FilterOut]Name:testfixture.check1(48)
*Verdi* WARNING: [NoReadAccess][FilterOut]Name:testfixture.check2(48)
*Verdi* WARNING: [NoReadAccess][FilterOut]Name:testfixture.cwr(36)
*Verdi* WARNING: [NoReadAccess][FilterOut]Name:testfixture.crd(36)
*Verdi* WARNING: [NoReadAccess][FilterOut]Name:testfixture.cdata_wr(36)
*Verdi* WARNING: [NoReadAccess][FilterOut]Name:testfixture.csel(36)
*Verdi* WARNING: [NoReadAccess][FilterOut]Name:testfixture.caddr_rd(36)
*Verdi* WARNING: [NoReadAccess][FilterOut]Name:testfixture.caddr_wr(36)
*Verdi* WARNING: [NoReadAccess][FilterOut]Name:testfixture.iaddr(36)
*Verdi* WARNING: [NoReadAccess][FilterOut]Name:testfixture.busy(36)
*Verdi* WARNING: [NoReadAccess][FilterOut]Name:testfixture.u_CONV.busy(48)
*Verdi* WARNING: [NoReadAccess][FilterOut]Name:testfixture.u_CONV.iaddr(48)
*Verdi* WARNING: [NoReadAccess][FilterOut]Name:testfixture.u_CONV.cwr(48)
*Verdi* WARNING: [NoReadAccess][FilterOut]Name:testfixture.u_CONV.caddr_wr(48)
*Verdi* WARNING: [NoReadAccess][FilterOut]Name:testfixture.u_CONV.cdata_wr(48)
*Verdi* WARNING: [NoReadAccess][FilterOut]Name:testfixture.u_CONV.crd(48)
*Verdi* WARNING: [NoReadAccess][FilterOut]Name:testfixture.u_CONV.caddr_rd(48)
*Verdi* WARNING: [NoReadAccess][FilterOut]Name:testfixture.u_CONV.csel(48)
*Verdi* WARNING: [NoReadAccess][FilterOut]Name:testfixture.u_CONV.dir_y(48)
*Verdi* WARNING: [NoReadAccess][FilterOut]Name:testfixture.u_CONV.dir_x(48)
*Verdi* WARNING: [NoReadAccess][FilterOut]Name:testfixture.u_CONV.x(48)
*Verdi* WARNING: [NoReadAccess][FilterOut]Name:testfixture.u_CONV.flagX(48)
*Verdi* WARNING: [NoReadAccess][FilterOut]Name:testfixture.u_CONV.flagY(48)
*Verdi* WARNING: [NoReadAccess][FilterOut]Name:testfixture.u_CONV.temp(48)
*Verdi* WARNING: [NoReadAccess][FilterOut]Name:testfixture.u_CONV.image(116)
*Verdi* WARNING: [NoReadAccess][FilterOut]Name:testfixture.u_CONV.register1(116)
*Verdi* WARNING: [NoReadAccess][FilterOut]Name:testfixture.u_CONV.register2(116)
*Verdi* WARNING: [NoReadAccess][FilterOut]Name:testfixture.u_CONV.register3(116)
*Verdi* WARNING: [NoReadAccess][FilterOut]Name:testfixture.u_CONV.register4(116)
*Verdi* WARNING: [NoReadAccess][FilterOut]Name:testfixture.u_CONV.result(116)
*Verdi* WARNING: [NoReadAccess][FilterOut]Name:testfixture.u_CONV.Kernel0(116)
*Verdi* WARNING: [NoReadAccess][FilterOut]Name:testfixture.u_CONV.Kernel1(116)
*Verdi* WARNING: [NoReadAccess][FilterOut]Name:testfixture.u_CONV.bias0(48)
*Verdi* WARNING: [NoReadAccess][FilterOut]Name:testfixture.u_CONV.bias1(48)
*Verdi* WARNING: [NoReadAccess][FilterOut]Name:testfixture.u_CONV.status(48)
*Verdi* WARNING: [NoReadAccess][FilterOut]Name:testfixture.u_CONV.status_temp(48)
*Verdi* WARNING: [NoReadAccess][FilterOut]Name:testfixture.u_CONV.clk(36)
*Verdi* WARNING: [NoReadAccess][FilterOut]Name:testfixture.u_CONV.reset(36)
*Verdi* WARNING: [NoReadAccess][FilterOut]Name:testfixture.u_CONV.ready(36)
*Verdi* WARNING: [NoReadAccess][FilterOut]Name:testfixture.u_CONV.idata(36)
*Verdi* WARNING: [NoReadAccess][FilterOut]Name:testfixture.u_CONV.cdata_rd(36)
*Verdi* : End of traversing.
*Verdi* : Begin traversing the MDAs, layer (0).
*Verdi* : Enable +mda and +packedmda dumping.
*Verdi* WARNING: [NoReadAccess][FilterOut]Name:testfixture.L0_MEM0(116)
*Verdi* WARNING: [NoReadAccess][FilterOut]Name:testfixture.L0_MEM1(116)
*Verdi* WARNING: [NoReadAccess][FilterOut]Name:testfixture.L1_MEM0(116)
*Verdi* WARNING: [NoReadAccess][FilterOut]Name:testfixture.L1_MEM1(116)
*Verdi* WARNING: [NoReadAccess][FilterOut]Name:testfixture.L2_MEM(116)
*Verdi* WARNING: [NoReadAccess][FilterOut]Name:testfixture.reset(48)
*Verdi* WARNING: [NoReadAccess][FilterOut]Name:testfixture.clk(48)
*Verdi* WARNING: [NoReadAccess][FilterOut]Name:testfixture.ready(48)
*Verdi* WARNING: [NoReadAccess][FilterOut]Name:testfixture.cdata_rd(48)
*Verdi* WARNING: [NoReadAccess][FilterOut]Name:testfixture.idata(48)
*Verdi* WARNING: [NoReadAccess][FilterOut]Name:testfixture.p0(25)
*Verdi* WARNING: [NoReadAccess][FilterOut]Name:testfixture.p1(25)
*Verdi* WARNING: [NoReadAccess][FilterOut]Name:testfixture.p3(25)
*Verdi* WARNING: [NoReadAccess][FilterOut]Name:testfixture.p4(25)
*Verdi* WARNING: [NoReadAccess][FilterOut]Name:testfixture.p2(25)
*Verdi* WARNING: [NoReadAccess][FilterOut]Name:testfixture.err00(25)
*Verdi* WARNING: [NoReadAccess][FilterOut]Name:testfixture.err01(25)
*Verdi* WARNING: [NoReadAccess][FilterOut]Name:testfixture.err10(25)
*Verdi* WARNING: [NoReadAccess][FilterOut]Name:testfixture.err11(25)
*Verdi* WARNING: [NoReadAccess][FilterOut]Name:testfixture.err2(25)
*Verdi* WARNING: [NoReadAccess][FilterOut]Name:testfixture.pat_num(25)
*Verdi* WARNING: [NoReadAccess][FilterOut]Name:testfixture.check0(48)
*Verdi* WARNING: [NoReadAccess][FilterOut]Name:testfixture.check1(48)
*Verdi* WARNING: [NoReadAccess][FilterOut]Name:testfixture.check2(48)
*Verdi* WARNING: [NoReadAccess][FilterOut]Name:testfixture.cwr(36)
*Verdi* WARNING: [NoReadAccess][FilterOut]Name:testfixture.crd(36)
*Verdi* WARNING: [NoReadAccess][FilterOut]Name:testfixture.cdata_wr(36)
*Verdi* WARNING: [NoReadAccess][FilterOut]Name:testfixture.csel(36)
*Verdi* WARNING: [NoReadAccess][FilterOut]Name:testfixture.caddr_rd(36)
*Verdi* WARNING: [NoReadAccess][FilterOut]Name:testfixture.caddr_wr(36)
*Verdi* WARNING: [NoReadAccess][FilterOut]Name:testfixture.iaddr(36)
*Verdi* WARNING: [NoReadAccess][FilterOut]Name:testfixture.busy(36)
*Verdi* WARNING: [NoReadAccess][FilterOut]Name:testfixture.u_CONV.busy(48)
*Verdi* WARNING: [NoReadAccess][FilterOut]Name:testfixture.u_CONV.iaddr(48)
*Verdi* WARNING: [NoReadAccess][FilterOut]Name:testfixture.u_CONV.cwr(48)
*Verdi* WARNING: [NoReadAccess][FilterOut]Name:testfixture.u_CONV.caddr_wr(48)
*Verdi* WARNING: [NoReadAccess][FilterOut]Name:testfixture.u_CONV.cdata_wr(48)
*Verdi* WARNING: [NoReadAccess][FilterOut]Name:testfixture.u_CONV.crd(48)
*Verdi* WARNING: [NoReadAccess][FilterOut]Name:testfixture.u_CONV.caddr_rd(48)
*Verdi* WARNING: [NoReadAccess][FilterOut]Name:testfixture.u_CONV.csel(48)
*Verdi* WARNING: [NoReadAccess][FilterOut]Name:testfixture.u_CONV.dir_y(48)
*Verdi* WARNING: [NoReadAccess][FilterOut]Name:testfixture.u_CONV.dir_x(48)
*Verdi* WARNING: [NoReadAccess][FilterOut]Name:testfixture.u_CONV.x(48)
*Verdi* WARNING: [NoReadAccess][FilterOut]Name:testfixture.u_CONV.flagX(48)
*Verdi* WARNING: [NoReadAccess][FilterOut]Name:testfixture.u_CONV.flagY(48)
*Verdi* WARNING: [NoReadAccess][FilterOut]Name:testfixture.u_CONV.temp(48)
*Verdi* WARNING: [NoReadAccess][FilterOut]Name:testfixture.u_CONV.image(116)
*Verdi* WARNING: [NoReadAccess][FilterOut]Name:testfixture.u_CONV.register1(116)
*Verdi* WARNING: [NoReadAccess][FilterOut]Name:testfixture.u_CONV.register2(116)
*Verdi* WARNING: [NoReadAccess][FilterOut]Name:testfixture.u_CONV.register3(116)
*Verdi* WARNING: [NoReadAccess][FilterOut]Name:testfixture.u_CONV.register4(116)
*Verdi* WARNING: [NoReadAccess][FilterOut]Name:testfixture.u_CONV.result(116)
*Verdi* WARNING: [NoReadAccess][FilterOut]Name:testfixture.u_CONV.Kernel0(116)
*Verdi* WARNING: [NoReadAccess][FilterOut]Name:testfixture.u_CONV.Kernel1(116)
*Verdi* WARNING: [NoReadAccess][FilterOut]Name:testfixture.u_CONV.bias0(48)
*Verdi* WARNING: [NoReadAccess][FilterOut]Name:testfixture.u_CONV.bias1(48)
*Verdi* WARNING: The above messages are printed 50 times. No more similar message will be printed out.
*Verdi* WARNING: [NoReadAccess][FilterOut]Name:testfixture.u_CONV.status(48)
*Verdi* WARNING: [NoReadAccess][FilterOut]Name:testfixture.u_CONV.clk(36)
*Verdi* WARNING: [NoReadAccess][FilterOut]Name:testfixture.u_CONV.reset(36)
*Verdi* WARNING: [NoReadAccess][FilterOut]Name:testfixture.u_CONV.ready(36)
*Verdi* WARNING: [NoReadAccess][FilterOut]Name:testfixture.u_CONV.idata(36)
*Verdi* WARNING: [NoReadAccess][FilterOut]Name:testfixture.u_CONV.cdata_rd(36)
*Verdi* : End of traversing the MDAs.
-----------------------------------------------------

START!!! Simulation Start .....

-----------------------------------------------------

Layer 0 (Convolutional Output) with Kernel 0 is correct !
Layer 0 (Convolutional Output) with Kernel 1 is correct!
Layer 1 (Max-pooling Output) with Kernel 0 is correct!
Layer 1 (Max-pooling Output) with Kernel 1 is correct!
Layer 2 (Flatten  Output) is correct!
 
-----------------------------------------------------

--------------------- S U M M A R Y -----------------

Congratulations! Layer 0 data have been generated successfully! The result is PASS!!

Congratulations! Layer 1 data have been generated successfully! The result is PASS!!

Congratulations! Layer 2 data have been generated successfully! The result is PASS!!

-----------------------------------------------------

Simulation complete via $finish(1) at time 398170 NS + 0
./testfixture.v:267       #(`CYCLE/2); $finish;
ncsim> exit
TOOL:	ncverilog	15.20-s039: Exiting on Mar 02, 2022 at 16:50:41 CST  (total: 00:00:03)
