ncsim 15.20-s039
Linux 2.6.32-642.el6.x86_64 #1 SMP Tue May 10 17:27:01 UTC 2016 x86_64
CPU cores: 24
Limit information:
======================================
cputime			unlimited
filesize		unlimited
datasize		unlimited
stacksize		10240 kbytes
coredumpsize	0 kbytes
memoryuse		unlimited
vmemoryuse		unlimited
descriptors		4096
memorylocked	64 kbytes
maxproc			1024
======================================
(Special)Runtime environment variables:

Runtime environment variables:
USER=t107360223
LOGNAME=t107360223
HOME=/home/t107360223
PATH=/usr/cad/mentor/Tessent/cur/bin:/usr/cad/mentor/Catapult/cur//bin:/usr/cad/mentor/calibre/cur/bin:/usr/cad/synopsys/xa/cur/bin:/usr/cad/synopsys/verdi/cur/bin:/usr/cad/synopsys/verdi/cur/nLint/bin:/usr/cad/synopsys/tmax/cur/bin:/usr/bin/X11:/usr/cad/synopsys/coreConsultant/cur/bin:/usr/cad/synopsys/synthesis/cur/amd64/syn/bin:/usr/cad/synopsys/lc/cur/bin:/usr/cad/synopsys/spyglass/cur/SPYGLASS_HOME/bin:/usr/bin/X11:/usr/cad/synopsys/primetime/cur/amd64/syn/bin:/usr/cad/synopsys/formality/cur/bin:/usr/cad/cadence/STRATUS/cur/tools/bin:/usr/cad/cadence/JASPER/cur/bin:/usr/cad/cadence/JASPER/cur/bin:/usr/cad/cadence/JASPER/cur/bin:/usr/cad/cadence/JASPER/cur/bin:/usr/cad/cadence/JASPER/cur/bin:/usr/cad/cadence/INNOVUS/cur/tools/celtic/bin:/usr/cad/cadence/INNOVUS/cur/tools/plato/bin:/usr/cad/cadence/INNOVUS/cur/tools/dfII/bin:/usr/cad/cadence/INNOVUS/cur/tools/bin:/usr/cad/cadence/INNOVUS/cur//tools/tlfUtil/bin:/usr/cad/cadence/GENUS/cur/tools/bin:/usr/cad/cadence/INCISIV/cur/tools/bin:/usr/cad/cadence/INCISIV/cur/tools/vtools/vfault/bin:/usr/cad/cadence/INCISIV/cur/tools/dfII/bin:/bin:/usr/bin:/usr/ucb:/etc:.
MAIL=/var/spool/mail/t107360223
SHELL=/bin/tcsh
SSH_CLIENT=27.247.201.231 64067 22
SSH_CONNECTION=27.247.201.231 64067 140.124.72.29 22
SSH_TTY=/dev/pts/0
TERM=xterm-256color
SELINUX_ROLE_REQUESTED=
SELINUX_LEVEL_REQUESTED=
SELINUX_USE_CURRENT_RANGE=
HOSTTYPE=x86_64-linux
VENDOR=unknown
OSTYPE=linux
MACHTYPE=x86_64
SHLVL=1
PWD=/home/t107360223/Desktop/ic_contest/2019_CONV
GROUP=users
HOST=islabx6
REMOTEHOST=27-247-201-231.adsl.fetnet.net
HOSTNAME=islabx6
LS_COLORS=rs=0:di=38;5;27:ln=38;5;51:mh=44;38;5;15:pi=40;38;5;11:so=38;5;13:do=38;5;5:bd=48;5;232;38;5;11:cd=48;5;232;38;5;3:or=48;5;232;38;5;9:mi=05;48;5;232;38;5;15:su=48;5;196;38;5;15:sg=48;5;11;38;5;16:ca=48;5;196;38;5;226:tw=48;5;10;38;5;16:ow=48;5;10;38;5;21:st=48;5;21;38;5;15:ex=38;5;34:*.tar=38;5;9:*.tgz=38;5;9:*.arj=38;5;9:*.taz=38;5;9:*.lzh=38;5;9:*.lzma=38;5;9:*.tlz=38;5;9:*.txz=38;5;9:*.zip=38;5;9:*.z=38;5;9:*.Z=38;5;9:*.dz=38;5;9:*.gz=38;5;9:*.lz=38;5;9:*.xz=38;5;9:*.bz2=38;5;9:*.tbz=38;5;9:*.tbz2=38;5;9:*.bz=38;5;9:*.tz=38;5;9:*.deb=38;5;9:*.rpm=38;5;9:*.jar=38;5;9:*.rar=38;5;9:*.ace=38;5;9:*.zoo=38;5;9:*.cpio=38;5;9:*.7z=38;5;9:*.rz=38;5;9:*.jpg=38;5;13:*.jpeg=38;5;13:*.gif=38;5;13:*.bmp=38;5;13:*.pbm=38;5;13:*.pgm=38;5;13:*.ppm=38;5;13:*.tga=38;5;13:*.xbm=38;5;13:*.xpm=38;5;13:*.tif=38;5;13:*.tiff=38;5;13:*.png=38;5;13:*.svg=38;5;13:*.svgz=38;5;13:*.mng=38;5;13:*.pcx=38;5;13:*.mov=38;5;13:*.mpg=38;5;13:*.mpeg=38;5;13:*.m2v=38;5;13:*.mkv=38;5;13:*.ogm=38;5;13:*.mp4=38;5;13:*.m4v=38;5;13:*.mp4v=38;5;13:*.vob=38;5;13:*.qt=38;5;13:*.nuv=38;5;13:*.wmv=38;5;13:*.asf=38;5;13:*.rm=38;5;13:*.rmvb=38;5;13:*.flc=38;5;13:*.avi=38;5;13:*.fli=38;5;13:*.flv=38;5;13:*.gl=38;5;13:*.dl=38;5;13:*.xcf=38;5;13:*.xwd=38;5;13:*.yuv=38;5;13:*.cgm=38;5;13:*.emf=38;5;13:*.axv=38;5;13:*.anx=38;5;13:*.ogv=38;5;13:*.ogx=38;5;13:*.aac=38;5;45:*.au=38;5;45:*.flac=38;5;45:*.mid=38;5;45:*.midi=38;5;45:*.mka=38;5;45:*.mp3=38;5;45:*.mpc=38;5;45:*.ogg=38;5;45:*.ra=38;5;45:*.wav=38;5;45:*.axa=38;5;45:*.oga=38;5;45:*.spx=38;5;45:*.xspf=38;5;45:
CVS_RSH=ssh
G_BROKEN_FILENAMES=1
SSH_ASKPASS=/usr/libexec/openssh/gnome-ssh-askpass
LANG=zh_TW.UTF-8
LESSOPEN=||/usr/bin/lesspipe.sh %s
QTDIR=/usr/lib64/qt-3.3
QTINC=/usr/lib64/qt-3.3/include
QTLIB=/usr/lib64/qt-3.3/lib
LD_LIBRARY_PATH=/usr/cad/synopsys/verdi/cur/etc/lib/libstdc++/LINUX64/:/usr/cad/synopsys/verdi/cur/share/PLI/IUS/LINUX:/:/usr/cad/cadence/STRATUS/cur/tools/lib:/usr/cad/cadence/INNOVUS/cur//tools/tlfUtil/lib:/usr/cad/cadence/GENUS/cur/tools/lib:/usr/cad/cadence/INCISIV/cur/tools/lib:/usr/cad/cadence/INCISIV/cur/tools/vtools/vfault/lib:/usr/openwin/lib:/usr/dt/lib:/usr/lib:/usr/local/lib
LM_LICENSE_FILE=1717@lscic:26585@lscic:5280@lshc:5280@lscic:5280@lsnctu:
ENCOUNTER=/usr/cad/cadence/INNOVUS/cur/tools/fe
FORMALITY=/usr/cad/synopsys/formality/cur
PRIMETIME=/usr/cad/synopsys/primetime/cur
SG_HTML_BROWSER=/usr/bin/mozilla
EDITOR=/usr/bin/vim
SYNTHESIS=/usr/cad/synopsys/synthesis/cur
SYN_MAN_DIR=/usr/cad/synopsys/synthesis/cur/doc/syn/man
MANPATH=/usr/cad/synopsys/synthesis/cur/doc/syn/man
SYNOPSYS_TMAX=/usr/cad/synopsys/tmax/cur
SHLIB_PATH=/usr/cad/synopsys/verdi/cur/etc/lib/libstdc++/LINUX64/
MGC_HOME=/usr/cad/mentor/calibre/cur
MGC_TMPDIR=/tmp
MGC_LOCATION_MAP=NO_MAP
_IRUNROOT_=/usr/cad/cadence/INCISIV/cur/tools
CDS_ARCH=lnx86
NCRUNMODE=ncverilog:./INCA_libs/irun.lnx86.15.20.nc
IRUNBATCH=FALSE
IMPERAS_PORT_FILE=.vsp_ovp_gdb_port
TCL_LIBRARY=/usr/cad/cadence/INCISIV/cur/tools/inca/files/tcl/library
Runtime command line arguments:
argv[0]=ncverilog
argv[1]=testfixture.v
argv[2]=CONV.v
76 profile - 100
          CPU/Mem usage: 0.030 sys,  0.020 user,  61.67M sys,  0.00M vm
77 VC callback profile - scalar:0 vector:0
78 Thu Feb 10 12:13:05 2022
79 pliAppInit
80 FSDB_GATE is disabled.
81 Enable Parallel Dumping.
82 pliAppMiscSet: New Sim Round
83 pliEntryInit
84 LIBSSCORE=found /usr/cad/synopsys/verdi/cur/share/PLI/IUS/LINUX/libsscore_ius152.so through $LD_LIBRARY_PATH setting.
85 Sim process exit
