ncsim 15.20-s039
Linux 2.6.32-642.el6.x86_64 #1 SMP Tue May 10 17:27:01 UTC 2016 x86_64
CPU cores: 24
Limit information:
======================================
cputime			unlimited
filesize		unlimited
datasize		unlimited
stacksize		10240 kbytes
coredumpsize	0 kbytes
memoryuse		unlimited
vmemoryuse		unlimited
descriptors		4096
memorylocked	64 kbytes
maxproc			1024
======================================
(Special)Runtime environment variables:

Runtime environment variables:
USER=t107360223
LOGNAME=t107360223
HOME=/home/t107360223
PATH=/usr/cad/mentor/Tessent/cur/bin:/usr/cad/mentor/Catapult/cur//bin:/usr/cad/mentor/calibre/cur/bin:/usr/cad/synopsys/xa/cur/bin:/usr/cad/synopsys/verdi/cur/bin:/usr/cad/synopsys/verdi/cur/nLint/bin:/usr/cad/synopsys/tmax/cur/bin:/usr/bin/X11:/usr/cad/synopsys/coreConsultant/cur/bin:/usr/cad/synopsys/synthesis/cur/amd64/syn/bin:/usr/cad/synopsys/lc/cur/bin:/usr/cad/synopsys/spyglass/cur/SPYGLASS_HOME/bin:/usr/bin/X11:/usr/cad/synopsys/primetime/cur/amd64/syn/bin:/usr/cad/synopsys/formality/cur/bin:/usr/cad/cadence/STRATUS/cur/tools/bin:/usr/cad/cadence/JASPER/cur/bin:/usr/cad/cadence/JASPER/cur/bin:/usr/cad/cadence/JASPER/cur/bin:/usr/cad/cadence/JASPER/cur/bin:/usr/cad/cadence/JASPER/cur/bin:/usr/cad/cadence/INNOVUS/cur/tools/celtic/bin:/usr/cad/cadence/INNOVUS/cur/tools/plato/bin:/usr/cad/cadence/INNOVUS/cur/tools/dfII/bin:/usr/cad/cadence/INNOVUS/cur/tools/bin:/usr/cad/cadence/INNOVUS/cur//tools/tlfUtil/bin:/usr/cad/cadence/GENUS/cur/tools/bin:/usr/cad/cadence/INCISIV/cur/tools/bin:/usr/cad/cadence/INCISIV/cur/tools/vtools/vfault/bin:/usr/cad/cadence/INCISIV/cur/tools/dfII/bin:/bin:/usr/bin:/usr/ucb:/etc:.
MAIL=/var/spool/mail/t107360223
SHELL=/bin/tcsh
SSH_CLIENT=27.242.40.65 48850 22
SSH_CONNECTION=27.242.40.65 48850 140.124.72.29 22
SSH_TTY=/dev/pts/1
TERM=xterm-256color
SELINUX_ROLE_REQUESTED=
SELINUX_LEVEL_REQUESTED=
SELINUX_USE_CURRENT_RANGE=
HOSTTYPE=x86_64-linux
VENDOR=unknown
OSTYPE=linux
MACHTYPE=x86_64
SHLVL=1
PWD=/home/t107360223/Desktop/ic_contest/2016_LBP
GROUP=users
HOST=islabx6
REMOTEHOST=27-242-40-65.adsl.fetnet.net
HOSTNAME=islabx6
LS_COLORS=rs=0:di=38;5;27:ln=38;5;51:mh=44;38;5;15:pi=40;38;5;11:so=38;5;13:do=38;5;5:bd=48;5;232;38;5;11:cd=48;5;232;38;5;3:or=48;5;232;38;5;9:mi=05;48;5;232;38;5;15:su=48;5;196;38;5;15:sg=48;5;11;38;5;16:ca=48;5;196;38;5;226:tw=48;5;10;38;5;16:ow=48;5;10;38;5;21:st=48;5;21;38;5;15:ex=38;5;34:*.tar=38;5;9:*.tgz=38;5;9:*.arj=38;5;9:*.taz=38;5;9:*.lzh=38;5;9:*.lzma=38;5;9:*.tlz=38;5;9:*.txz=38;5;9:*.zip=38;5;9:*.z=38;5;9:*.Z=38;5;9:*.dz=38;5;9:*.gz=38;5;9:*.lz=38;5;9:*.xz=38;5;9:*.bz2=38;5;9:*.tbz=38;5;9:*.tbz2=38;5;9:*.bz=38;5;9:*.tz=38;5;9:*.deb=38;5;9:*.rpm=38;5;9:*.jar=38;5;9:*.rar=38;5;9:*.ace=38;5;9:*.zoo=38;5;9:*.cpio=38;5;9:*.7z=38;5;9:*.rz=38;5;9:*.jpg=38;5;13:*.jpeg=38;5;13:*.gif=38;5;13:*.bmp=38;5;13:*.pbm=38;5;13:*.pgm=38;5;13:*.ppm=38;5;13:*.tga=38;5;13:*.xbm=38;5;13:*.xpm=38;5;13:*.tif=38;5;13:*.tiff=38;5;13:*.png=38;5;13:*.svg=38;5;13:*.svgz=38;5;13:*.mng=38;5;13:*.pcx=38;5;13:*.mov=38;5;13:*.mpg=38;5;13:*.mpeg=38;5;13:*.m2v=38;5;13:*.mkv=38;5;13:*.ogm=38;5;13:*.mp4=38;5;13:*.m4v=38;5;13:*.mp4v=38;5;13:*.vob=38;5;13:*.qt=38;5;13:*.nuv=38;5;13:*.wmv=38;5;13:*.asf=38;5;13:*.rm=38;5;13:*.rmvb=38;5;13:*.flc=38;5;13:*.avi=38;5;13:*.fli=38;5;13:*.flv=38;5;13:*.gl=38;5;13:*.dl=38;5;13:*.xcf=38;5;13:*.xwd=38;5;13:*.yuv=38;5;13:*.cgm=38;5;13:*.emf=38;5;13:*.axv=38;5;13:*.anx=38;5;13:*.ogv=38;5;13:*.ogx=38;5;13:*.aac=38;5;45:*.au=38;5;45:*.flac=38;5;45:*.mid=38;5;45:*.midi=38;5;45:*.mka=38;5;45:*.mp3=38;5;45:*.mpc=38;5;45:*.ogg=38;5;45:*.ra=38;5;45:*.wav=38;5;45:*.axa=38;5;45:*.oga=38;5;45:*.spx=38;5;45:*.xspf=38;5;45:
CVS_RSH=ssh
G_BROKEN_FILENAMES=1
SSH_ASKPASS=/usr/libexec/openssh/gnome-ssh-askpass
LANG=zh_TW.UTF-8
LESSOPEN=||/usr/bin/lesspipe.sh %s
QTDIR=/usr/lib64/qt-3.3
QTINC=/usr/lib64/qt-3.3/include
QTLIB=/usr/lib64/qt-3.3/lib
LD_LIBRARY_PATH=/usr/cad/synopsys/verdi/cur/etc/lib/libstdc++/LINUX64/:/usr/cad/synopsys/verdi/cur/share/PLI/IUS/LINUX:/:/usr/cad/cadence/STRATUS/cur/tools/lib:/usr/cad/cadence/INNOVUS/cur//tools/tlfUtil/lib:/usr/cad/cadence/GENUS/cur/tools/lib:/usr/cad/cadence/INCISIV/cur/tools/lib:/usr/cad/cadence/INCISIV/cur/tools/vtools/vfault/lib:/usr/openwin/lib:/usr/dt/lib:/usr/lib:/usr/local/lib
LM_LICENSE_FILE=1717@lscic:26585@lscic:5280@lshc:5280@lsncku:5280@lsnchu:5280@lscic:5280@lsnctu:
ENCOUNTER=/usr/cad/cadence/INNOVUS/cur/tools/fe
FORMALITY=/usr/cad/synopsys/formality/cur
PRIMETIME=/usr/cad/synopsys/primetime/cur
SG_HTML_BROWSER=/usr/bin/mozilla
EDITOR=/usr/bin/vim
SYNTHESIS=/usr/cad/synopsys/synthesis/cur
SYN_MAN_DIR=/usr/cad/synopsys/synthesis/cur/doc/syn/man
MANPATH=/usr/cad/synopsys/synthesis/cur/doc/syn/man
SYNOPSYS_TMAX=/usr/cad/synopsys/tmax/cur
SHLIB_PATH=/usr/cad/synopsys/verdi/cur/etc/lib/libstdc++/LINUX64/
MGC_HOME=/usr/cad/mentor/calibre/cur
MGC_TMPDIR=/tmp
MGC_LOCATION_MAP=NO_MAP
_IRUNROOT_=/usr/cad/cadence/INCISIV/cur/tools
CDS_ARCH=lnx86
NCRUNMODE=ncverilog:./INCA_libs/irun.lnx86.15.20.nc
IRUNBATCH=FALSE
IMPERAS_PORT_FILE=.vsp_ovp_gdb_port
TCL_LIBRARY=/usr/cad/cadence/INCISIV/cur/tools/inca/files/tcl/library
Runtime command line arguments:
argv[0]=ncverilog
argv[1]=testfixture.v
argv[2]=LBP.v
76 profile - 100
          CPU/Mem usage: 0.040 sys,  0.040 user,  61.51M sys,  0.00M vm
77 VC callback profile - scalar:0 vector:0
78 Fri Feb 11 23:32:28 2022
79 pliAppInit
80 FSDB_GATE is disabled.
81 Enable Parallel Dumping.
82 pliAppMiscSet: New Sim Round
83 pliEntryInit
84 LIBSSCORE=found /usr/cad/synopsys/verdi/cur/share/PLI/IUS/LINUX/libsscore_ius152.so through $LD_LIBRARY_PATH setting.
85 argv[0]: LBP.fsdb
86 FSDB Dumper for IUS, Release Verdi_Q-2020.03, Linux, 02/09/2020
87 (C) 1996 - 2020 by Synopsys, Inc.
88 sps_call_fsdbDumpfile at 0 : /home/t107360223/Desktop/ic_contest/2016_LBP/testfixture.v(52)
89 argv[0]: LBP.fsdb
90 *Verdi* FSDB WARNING: The FSDB file already exists. Overwriting the FSDB file may crash the programs that are using this file.
91 *Verdi* : Create FSDB file 'LBP.fsdb'
92 sps_call_fsdbDumpvars at 0 : /home/t107360223/Desktop/ic_contest/2016_LBP/testfixture.v(53)
93 *Verdi* : Begin traversing the scopes, layer (0).
94 *Verdi* WARNING: [NoReadAccess][FilterOut]Name:testfixture.LBP_dbg(48)
95 *Verdi* WARNING: [NoReadAccess][FilterOut]Name:testfixture.exp_dbg(48)
96 *Verdi* WARNING: [NoReadAccess][FilterOut]Name:testfixture.clk(48)
97 *Verdi* WARNING: [NoReadAccess][FilterOut]Name:testfixture.reset(48)
98 *Verdi* WARNING: [NoReadAccess][FilterOut]Name:testfixture.result_compare(48)
99 *Verdi* WARNING: [NoReadAccess][FilterOut]Name:testfixture.err(25)
100 *Verdi* WARNING: [NoReadAccess][FilterOut]Name:testfixture.times(25)
101 *Verdi* WARNING: [NoReadAccess][FilterOut]Name:testfixture.over(48)
102 *Verdi* WARNING: [NoReadAccess][FilterOut]Name:testfixture.exp_num(25)
103 *Verdi* WARNING: [NoReadAccess][FilterOut]Name:testfixture.gray_data(48)
104 *Verdi* WARNING: [NoReadAccess][FilterOut]Name:testfixture.gray_ready(48)
105 *Verdi* WARNING: [NoReadAccess][FilterOut]Name:testfixture.i(25)
106 *Verdi* WARNING: [NoReadAccess][FilterOut]Name:testfixture.lbp_data(36)
107 *Verdi* WARNING: [NoReadAccess][FilterOut]Name:testfixture.gray_addr(36)
108 *Verdi* WARNING: [NoReadAccess][FilterOut]Name:testfixture.lbp_addr(36)
109 *Verdi* WARNING: [NoReadAccess][FilterOut]Name:testfixture.finish(36)
110 *Verdi* WARNING: [NoReadAccess][FilterOut]Name:testfixture.lbp_valid(36)
111 *Verdi* WARNING: [NoReadAccess][FilterOut]Name:testfixture.gray_req(36)
112 *Verdi* WARNING: [NoReadAccess][FilterOut]Name:testfixture.LBP.gray_addr(48)
113 *Verdi* WARNING: [NoReadAccess][FilterOut]Name:testfixture.LBP.lbp_valid(48)
114 *Verdi* WARNING: [NoReadAccess][FilterOut]Name:testfixture.LBP.lbp_data(48)
115 *Verdi* WARNING: [NoReadAccess][FilterOut]Name:testfixture.LBP.finish(48)
116 *Verdi* WARNING: [NoReadAccess][FilterOut]Name:testfixture.LBP.state(48)
117 *Verdi* WARNING: [NoReadAccess][FilterOut]Name:testfixture.LBP.nx_state(48)
118 *Verdi* WARNING: [NoReadAccess][FilterOut]Name:testfixture.LBP.ImageBuffer(116)
119 *Verdi* WARNING: [NoReadAccess][FilterOut]Name:testfixture.LBP.index(48)
120 *Verdi* WARNING: [NoReadAccess][FilterOut]Name:testfixture.LBP.jndex(48)
121 *Verdi* WARNING: [NoReadAccess][FilterOut]Name:testfixture.LBP.counter(48)
122 *Verdi* WARNING: [NoReadAccess][FilterOut]Name:testfixture.LBP.counter2(48)
123 *Verdi* WARNING: [NoReadAccess][FilterOut]Name:testfixture.LBP.ptr(48)
124 *Verdi* WARNING: [NoReadAccess][FilterOut]Name:testfixture.LBP.flag(48)
125 *Verdi* WARNING: [NoReadAccess][FilterOut]Name:testfixture.LBP.clk(36)
126 *Verdi* WARNING: [NoReadAccess][FilterOut]Name:testfixture.LBP.reset(36)
127 *Verdi* WARNING: [NoReadAccess][FilterOut]Name:testfixture.LBP.gray_req(36)
128 *Verdi* WARNING: [NoReadAccess][FilterOut]Name:testfixture.LBP.gray_ready(36)
129 *Verdi* WARNING: [NoReadAccess][FilterOut]Name:testfixture.LBP.gray_data(36)
130 *Verdi* WARNING: [NoReadAccess][FilterOut]Name:testfixture.LBP.lbp_addr(36)
131 *Verdi* WARNING: [NoReadAccess][FilterOut]Name:testfixture.LBP.Threshold(114)
132 *Verdi* WARNING: [NoReadAccess][FilterOut]Name:testfixture.LBP.addr(114)
133 *Verdi* WARNING: [NoReadAccess][FilterOut]Name:testfixture.LBP.lbp(114)
134 *Verdi* WARNING: [NoReadAccess][FilterOut]Name:testfixture.u_lbp_mem.LBP_M(116)
135 *Verdi* WARNING: [NoReadAccess][FilterOut]Name:testfixture.u_lbp_mem.i(25)
136 *Verdi* WARNING: [NoReadAccess][FilterOut]Name:testfixture.u_lbp_mem.lbp_valid(36)
137 *Verdi* WARNING: [NoReadAccess][FilterOut]Name:testfixture.u_lbp_mem.lbp_addr(36)
138 *Verdi* WARNING: [NoReadAccess][FilterOut]Name:testfixture.u_lbp_mem.lbp_data(36)
139 *Verdi* WARNING: [NoReadAccess][FilterOut]Name:testfixture.u_lbp_mem.clk(36)
140 *Verdi* : End of traversing.
141 fsdbDumpvars traverse var: profile - 
          CPU/Mem usage: 0.050 sys,  0.050 user,  143.81M sys,  0.00M vm
                   incr: 0.000 sys,  0.000 user,  3.46M sys,  0.00M vm
                   accu: 0.000 sys,  0.000 user,  3.46M sys,  0.00M vm
              accu incr: 0.000 sys,  0.000 user,  3.46M sys,  0.00M vm

          Count usage: 0 var,  0 idcode,  0 callback
                 incr: 0 var,  0 idcode,  0 callback
                 accu: 0 var,  0 idcode,  0 callback
            accu incr: 0 var,  0 idcode,  0 callback
142 VC callback profile - scalar:0 vector:0
143 Fri Feb 11 23:32:29 2022
144 fsdbDumpvars: profile - 
          CPU/Mem usage: 0.050 sys,  0.050 user,  143.81M sys,  0.00M vm
                   incr: 0.000 sys,  0.000 user,  0.00M sys,  0.00M vm
                   accu: 0.000 sys,  0.000 user,  3.46M sys,  0.00M vm
              accu incr: 0.000 sys,  0.000 user,  0.00M sys,  0.00M vm

          Count usage: 0 var,  0 idcode,  0 callback
                 incr: 0 var,  0 idcode,  0 callback
                 accu: 0 var,  0 idcode,  0 callback
            accu incr: 0 var,  0 idcode,  0 callback
145 VC callback profile - scalar:0 vector:0
146 Fri Feb 11 23:32:29 2022
147 End of simulation at 220022500
148 VC callback profile - scalar:0 vector:0
149 Fri Feb 11 23:32:29 2022
150 Begin FSDB profile info:
151 FSDB Writer : bc1(0) bcn(0) mtf/stf(0/0)
FSDB Writer elapsed time : flush(0.103415) io wait(0.000000) theadpool wait(0.000000)
FSDB Writer cpu time : MT Compression : 0
152 End FSDB profile info
153 Parallel profile    -  Flush:3 Expand:0 ProduceWait:0 ConsumerWait:0 BlockUsed:1
154                        ProduceTime:0.226168981 ConsumerTime:0.000000000 Buffer:64MB
155 SimExit
156 Sim process exit
