 
****************************************
Report : area
Design : SME
Version: Q-2019.12
Date   : Thu Feb 24 17:57:20 2022
****************************************

Library(s) Used:

    slow (File: /home/cell_lib/CBDK_IC_Contest_v2.1/SynopsysDC/db/slow.db)

Number of ports:                           19
Number of nets:                          3061
Number of cells:                         2988
Number of combinational cells:           2630
Number of sequential cells:               358
Number of macros/black boxes:               0
Number of buf/inv:                        404
Number of references:                      84

Combinational area:              23096.521826
Buf/Inv area:                     2439.163761
Noncombinational area:           11586.452024
Macro/Black Box area:                0.000000
Net Interconnect area:          457148.960999

Total cell area:                 34682.973850
Total area:                     491831.934849
1
