 
****************************************
Report : area
Design : LCD_CTRL
Version: Q-2019.12
Date   : Thu Feb 10 16:21:41 2022
****************************************

Library(s) Used:

    slow (File: /home/cell_lib/CBDK_TSMC018_Arm_v4.0/CIC/SynopsysDC/db/slow.db)

Number of ports:                          135
Number of nets:                          7770
Number of cells:                         7646
Number of combinational cells:           7090
Number of sequential cells:               547
Number of macros/black boxes:               0
Number of buf/inv:                        744
Number of references:                      68

Combinational area:             113962.464617
Buf/Inv area:                     5285.649664
Noncombinational area:           38193.725143
Macro/Black Box area:                0.000000
Net Interconnect area:      undefined  (No wire load specified)

Total cell area:                152156.189761
Total area:                 undefined
1
