 
****************************************
Report : area
Design : JAM
Version: Q-2019.12
Date   : Wed Mar 30 12:57:43 2022
****************************************

Library(s) Used:

    slow (File: /home/cell_lib/CBDK_IC_Contest_v2.1/SynopsysDC/db/slow.db)

Number of ports:                           62
Number of nets:                           754
Number of cells:                          656
Number of combinational cells:            583
Number of sequential cells:                71
Number of macros/black boxes:               0
Number of buf/inv:                         80
Number of references:                      78

Combinational area:               5229.689406
Buf/Inv area:                      600.879611
Noncombinational area:            2418.794975
Macro/Black Box area:                0.000000
Net Interconnect area:           97393.822144

Total cell area:                  7648.484381
Total area:                     105042.306525
1
