ncsim 15.20-s039
Linux 2.6.32-642.el6.x86_64 #1 SMP Tue May 10 17:27:01 UTC 2016 x86_64
CPU cores: 24
Limit information:
======================================
cputime			unlimited
filesize		unlimited
datasize		unlimited
stacksize		10240 kbytes
coredumpsize	0 kbytes
memoryuse		unlimited
vmemoryuse		unlimited
descriptors		4096
memorylocked	64 kbytes
maxproc			1024
======================================
(Special)Runtime environment variables:

Runtime environment variables:
USER=t107360223
LOGNAME=t107360223
HOME=/home/t107360223
PATH=/usr/cad/mentor/Tessent/cur/bin:/usr/cad/mentor/Catapult/cur//bin:/usr/cad/mentor/calibre/cur/bin:/usr/cad/synopsys/xa/cur/bin:/usr/cad/synopsys/verdi/cur/bin:/usr/cad/synopsys/verdi/cur/nLint/bin:/usr/cad/synopsys/tmax/cur/bin:/usr/bin/X11:/usr/cad/synopsys/coreConsultant/cur/bin:/usr/cad/synopsys/synthesis/cur/amd64/syn/bin:/usr/cad/synopsys/lc/cur/bin:/usr/cad/synopsys/spyglass/cur/SPYGLASS_HOME/bin:/usr/bin/X11:/usr/cad/synopsys/primetime/cur/amd64/syn/bin:/usr/cad/synopsys/formality/cur/bin:/usr/cad/cadence/STRATUS/cur/tools/bin:/usr/cad/cadence/JASPER/cur/bin:/usr/cad/cadence/JASPER/cur/bin:/usr/cad/cadence/JASPER/cur/bin:/usr/cad/cadence/JASPER/cur/bin:/usr/cad/cadence/JASPER/cur/bin:/usr/cad/cadence/INNOVUS/cur/tools/celtic/bin:/usr/cad/cadence/INNOVUS/cur/tools/plato/bin:/usr/cad/cadence/INNOVUS/cur/tools/dfII/bin:/usr/cad/cadence/INNOVUS/cur/tools/bin:/usr/cad/cadence/INNOVUS/cur//tools/tlfUtil/bin:/usr/cad/cadence/GENUS/cur/tools/bin:/usr/cad/cadence/INCISIV/cur/tools/bin:/usr/cad/cadence/INCISIV/cur/tools/vtools/vfault/bin:/usr/cad/cadence/INCISIV/cur/tools/dfII/bin:/bin:/usr/bin:/usr/ucb:/etc:.
MAIL=/var/spool/mail/t107360223
SHELL=/bin/tcsh
SSH_CLIENT=59.126.46.8 51199 22
SSH_CONNECTION=59.126.46.8 51199 140.124.72.29 22
SSH_TTY=/dev/pts/2
TERM=xterm-256color
SELINUX_ROLE_REQUESTED=
SELINUX_LEVEL_REQUESTED=
SELINUX_USE_CURRENT_RANGE=
HOSTTYPE=x86_64-linux
VENDOR=unknown
OSTYPE=linux
MACHTYPE=x86_64
SHLVL=1
PWD=/home/t107360223/Desktop/icc
GROUP=users
HOST=islabx6
REMOTEHOST=59-126-46-8.hinet-ip.hinet.net
HOSTNAME=islabx6
LS_COLORS=rs=0:di=38;5;27:ln=38;5;51:mh=44;38;5;15:pi=40;38;5;11:so=38;5;13:do=38;5;5:bd=48;5;232;38;5;11:cd=48;5;232;38;5;3:or=48;5;232;38;5;9:mi=05;48;5;232;38;5;15:su=48;5;196;38;5;15:sg=48;5;11;38;5;16:ca=48;5;196;38;5;226:tw=48;5;10;38;5;16:ow=48;5;10;38;5;21:st=48;5;21;38;5;15:ex=38;5;34:*.tar=38;5;9:*.tgz=38;5;9:*.arj=38;5;9:*.taz=38;5;9:*.lzh=38;5;9:*.lzma=38;5;9:*.tlz=38;5;9:*.txz=38;5;9:*.zip=38;5;9:*.z=38;5;9:*.Z=38;5;9:*.dz=38;5;9:*.gz=38;5;9:*.lz=38;5;9:*.xz=38;5;9:*.bz2=38;5;9:*.tbz=38;5;9:*.tbz2=38;5;9:*.bz=38;5;9:*.tz=38;5;9:*.deb=38;5;9:*.rpm=38;5;9:*.jar=38;5;9:*.rar=38;5;9:*.ace=38;5;9:*.zoo=38;5;9:*.cpio=38;5;9:*.7z=38;5;9:*.rz=38;5;9:*.jpg=38;5;13:*.jpeg=38;5;13:*.gif=38;5;13:*.bmp=38;5;13:*.pbm=38;5;13:*.pgm=38;5;13:*.ppm=38;5;13:*.tga=38;5;13:*.xbm=38;5;13:*.xpm=38;5;13:*.tif=38;5;13:*.tiff=38;5;13:*.png=38;5;13:*.svg=38;5;13:*.svgz=38;5;13:*.mng=38;5;13:*.pcx=38;5;13:*.mov=38;5;13:*.mpg=38;5;13:*.mpeg=38;5;13:*.m2v=38;5;13:*.mkv=38;5;13:*.ogm=38;5;13:*.mp4=38;5;13:*.m4v=38;5;13:*.mp4v=38;5;13:*.vob=38;5;13:*.qt=38;5;13:*.nuv=38;5;13:*.wmv=38;5;13:*.asf=38;5;13:*.rm=38;5;13:*.rmvb=38;5;13:*.flc=38;5;13:*.avi=38;5;13:*.fli=38;5;13:*.flv=38;5;13:*.gl=38;5;13:*.dl=38;5;13:*.xcf=38;5;13:*.xwd=38;5;13:*.yuv=38;5;13:*.cgm=38;5;13:*.emf=38;5;13:*.axv=38;5;13:*.anx=38;5;13:*.ogv=38;5;13:*.ogx=38;5;13:*.aac=38;5;45:*.au=38;5;45:*.flac=38;5;45:*.mid=38;5;45:*.midi=38;5;45:*.mka=38;5;45:*.mp3=38;5;45:*.mpc=38;5;45:*.ogg=38;5;45:*.ra=38;5;45:*.wav=38;5;45:*.axa=38;5;45:*.oga=38;5;45:*.spx=38;5;45:*.xspf=38;5;45:
CVS_RSH=ssh
G_BROKEN_FILENAMES=1
SSH_ASKPASS=/usr/libexec/openssh/gnome-ssh-askpass
LANG=zh_TW.UTF-8
LESSOPEN=||/usr/bin/lesspipe.sh %s
QTDIR=/usr/lib64/qt-3.3
QTINC=/usr/lib64/qt-3.3/include
QTLIB=/usr/lib64/qt-3.3/lib
LD_LIBRARY_PATH=/usr/cad/synopsys/verdi/cur/etc/lib/libstdc++/LINUX64/:/usr/cad/synopsys/verdi/cur/share/PLI/IUS/LINUX:/:/usr/cad/cadence/STRATUS/cur/tools/lib:/usr/cad/cadence/INNOVUS/cur//tools/tlfUtil/lib:/usr/cad/cadence/GENUS/cur/tools/lib:/usr/cad/cadence/INCISIV/cur/tools/lib:/usr/cad/cadence/INCISIV/cur/tools/vtools/vfault/lib:/usr/openwin/lib:/usr/dt/lib:/usr/lib:/usr/local/lib
LM_LICENSE_FILE=1717@lshc:26585@lscic:5280@lshc:5280@lsncku:5280@lsnchu:
ENCOUNTER=/usr/cad/cadence/INNOVUS/cur/tools/fe
FORMALITY=/usr/cad/synopsys/formality/cur
PRIMETIME=/usr/cad/synopsys/primetime/cur
SG_HTML_BROWSER=/usr/bin/mozilla
EDITOR=/usr/bin/vim
SYNTHESIS=/usr/cad/synopsys/synthesis/cur
SYN_MAN_DIR=/usr/cad/synopsys/synthesis/cur/doc/syn/man
MANPATH=/usr/cad/synopsys/synthesis/cur/doc/syn/man
SYNOPSYS_TMAX=/usr/cad/synopsys/tmax/cur
SHLIB_PATH=/usr/cad/synopsys/verdi/cur/etc/lib/libstdc++/LINUX64/
MGC_HOME=/usr/cad/mentor/calibre/cur
MGC_TMPDIR=/tmp
MGC_LOCATION_MAP=NO_MAP
_IRUNROOT_=/usr/cad/cadence/INCISIV/cur/tools
CDS_ARCH=lnx86
NCRUNMODE=ncverilog:./INCA_libs/irun.lnx86.15.20.nc
IRUNBATCH=FALSE
IMPERAS_PORT_FILE=.vsp_ovp_gdb_port
TCL_LIBRARY=/usr/cad/cadence/INCISIV/cur/tools/inca/files/tcl/library
Runtime command line arguments:
argv[0]=ncverilog
argv[1]=-sv
argv[2]=tb.sv
argv[3]=JAM.v
argv[4]=+define+P3
78 profile - 100
          CPU/Mem usage: 0.050 sys,  0.030 user,  61.67M sys,  0.00M vm
79 VC callback profile - scalar:0 vector:0
80 Wed Mar 30 22:12:18 2022
81 pliAppInit
82 FSDB_GATE is disabled.
83 Enable Parallel Dumping.
84 pliAppMiscSet: New Sim Round
85 pliEntryInit
86 LIBSSCORE=found /usr/cad/synopsys/verdi/cur/share/PLI/IUS/LINUX/libsscore_ius152.so through $LD_LIBRARY_PATH setting.
87 argv[0]: JAM.fsdb
88 FSDB Dumper for IUS, Release Verdi_Q-2020.03, Linux, 02/09/2020
89 (C) 1996 - 2020 by Synopsys, Inc.
90 sps_call_fsdbDumpfile at 0 : /home/t107360223/Desktop/icc/tb.sv(50)
91 argv[0]: JAM.fsdb
92 *Verdi* FSDB WARNING: The FSDB file already exists. Overwriting the FSDB file may crash the programs that are using this file.
93 *Verdi* : Create FSDB file 'JAM.fsdb'
94 sps_call_fsdbDumpvars at 0 : /home/t107360223/Desktop/icc/tb.sv(51)
95 *Verdi* : Begin traversing the scopes, layer (0).
96 *Verdi* WARNING: [NoReadAccess][FilterOut]Name:testfixture.charcount(25)
97 *Verdi* WARNING: [NoReadAccess][FilterOut]Name:testfixture.freturn(25)
98 *Verdi* WARNING: [NoReadAccess][FilterOut]Name:testfixture.patnum(25)
99 *Verdi* WARNING: [NoReadAccess][FilterOut]Name:testfixture.CLK(48)
100 *Verdi* WARNING: [NoReadAccess][FilterOut]Name:testfixture.RST(48)
101 *Verdi* WARNING: [NoReadAccess][FilterOut]Name:testfixture.Cost(48)
102 *Verdi* WARNING: [NoReadAccess][FilterOut]Name:testfixture.cycle(48)
103 *Verdi* WARNING: [NoReadAccess][FilterOut]Name:testfixture.costrom(116)
104 *Verdi* WARNING: [NoReadAccess][FilterOut]Name:testfixture.key_value(25)
105 *Verdi* WARNING: [NoReadAccess][FilterOut]Name:testfixture.v0(25)
106 *Verdi* WARNING: [NoReadAccess][FilterOut]Name:testfixture.v1(25)
107 *Verdi* WARNING: [NoReadAccess][FilterOut]Name:testfixture.v2(25)
108 *Verdi* WARNING: [NoReadAccess][FilterOut]Name:testfixture.v3(25)
109 *Verdi* WARNING: [NoReadAccess][FilterOut]Name:testfixture.v4(25)
110 *Verdi* WARNING: [NoReadAccess][FilterOut]Name:testfixture.v5(25)
111 *Verdi* WARNING: [NoReadAccess][FilterOut]Name:testfixture.v6(25)
112 *Verdi* WARNING: [NoReadAccess][FilterOut]Name:testfixture.v7(25)
113 *Verdi* WARNING: [NoReadAccess][FilterOut]Name:testfixture.worker(25)
114 *Verdi* WARNING: [NoReadAccess][FilterOut]Name:testfixture.i(25)
115 *Verdi* WARNING: [NoReadAccess][FilterOut]Name:testfixture.j(25)
116 *Verdi* WARNING: [NoReadAccess][FilterOut]Name:testfixture.goldMatchCount(48)
117 *Verdi* WARNING: [NoReadAccess][FilterOut]Name:testfixture.goldMinCost(48)
118 *Verdi* WARNING: [NoReadAccess][FilterOut]Name:testfixture.wait_valid(48)
119 *Verdi* WARNING: [NoReadAccess][FilterOut]Name:testfixture.Valid(36)
120 *Verdi* WARNING: [NoReadAccess][FilterOut]Name:testfixture.W(36)
121 *Verdi* WARNING: [NoReadAccess][FilterOut]Name:testfixture.J(36)
122 *Verdi* WARNING: [NoReadAccess][FilterOut]Name:testfixture.MatchCount(36)
123 *Verdi* WARNING: [NoReadAccess][FilterOut]Name:testfixture.MinCost(36)
124 *Verdi* WARNING: [NoReadAccess][FilterOut]Name:testfixture.u_JAM.W(48)
125 *Verdi* WARNING: [NoReadAccess][FilterOut]Name:testfixture.u_JAM.J(48)
126 *Verdi* WARNING: [NoReadAccess][FilterOut]Name:testfixture.u_JAM.MatchCount(48)
127 *Verdi* WARNING: [NoReadAccess][FilterOut]Name:testfixture.u_JAM.MinCost(48)
128 *Verdi* WARNING: [NoReadAccess][FilterOut]Name:testfixture.u_JAM.Valid(48)
129 *Verdi* WARNING: [NoReadAccess][FilterOut]Name:testfixture.u_JAM.state(48)
130 *Verdi* WARNING: [NoReadAccess][FilterOut]Name:testfixture.u_JAM.nx_state(48)
131 *Verdi* WARNING: [NoReadAccess][FilterOut]Name:testfixture.u_JAM.n(116)
132 *Verdi* WARNING: [NoReadAccess][FilterOut]Name:testfixture.u_JAM.counter_RES(48)
133 *Verdi* WARNING: [NoReadAccess][FilterOut]Name:testfixture.u_JAM.sum(48)
134 *Verdi* WARNING: [NoReadAccess][FilterOut]Name:testfixture.u_JAM.counter(48)
135 *Verdi* WARNING: [NoReadAccess][FilterOut]Name:testfixture.u_JAM.change_point(48)
136 *Verdi* WARNING: [NoReadAccess][FilterOut]Name:testfixture.u_JAM.find_fn(48)
137 *Verdi* WARNING: [NoReadAccess][FilterOut]Name:testfixture.u_JAM.finish(48)
138 *Verdi* WARNING: [NoReadAccess][FilterOut]Name:testfixture.u_JAM.mini_idx(48)
139 *Verdi* WARNING: [NoReadAccess][FilterOut]Name:testfixture.u_JAM.counter_sort(48)
140 *Verdi* WARNING: [NoReadAccess][FilterOut]Name:testfixture.u_JAM.sort_fn(48)
141 *Verdi* WARNING: [NoReadAccess][FilterOut]Name:testfixture.u_JAM.CLK(36)
142 *Verdi* WARNING: [NoReadAccess][FilterOut]Name:testfixture.u_JAM.RST(36)
143 *Verdi* WARNING: [NoReadAccess][FilterOut]Name:testfixture.u_JAM.Cost(36)
144 *Verdi* WARNING: [NoReadAccess][FilterOut]Name:testfixture.u_JAM.cnt1(36)
145 *Verdi* : End of traversing.
146 fsdbDumpvars traverse var: profile - 
          CPU/Mem usage: 0.060 sys,  0.030 user,  144.13M sys,  0.00M vm
                   incr: 0.000 sys,  0.000 user,  3.48M sys,  0.00M vm
                   accu: 0.000 sys,  0.000 user,  3.48M sys,  0.00M vm
              accu incr: 0.000 sys,  0.000 user,  3.48M sys,  0.00M vm

          Count usage: 1 var,  1 idcode,  1 callback
                 incr: 1 var,  1 idcode,  1 callback
                 accu: 1 var,  1 idcode,  1 callback
            accu incr: 1 var,  1 idcode,  1 callback
147 VC callback profile - scalar:0 vector:0
148 Wed Mar 30 22:12:18 2022
149 fsdbDumpvars: profile - 
          CPU/Mem usage: 0.060 sys,  0.030 user,  145.18M sys,  0.00M vm
                   incr: 0.000 sys,  0.000 user,  1.05M sys,  0.00M vm
                   accu: 0.000 sys,  0.000 user,  4.53M sys,  0.00M vm
              accu incr: 0.000 sys,  0.000 user,  1.05M sys,  0.00M vm

          Count usage: 1 var,  1 idcode,  1 callback
                 incr: 0 var,  0 idcode,  0 callback
                 accu: 1 var,  1 idcode,  1 callback
            accu incr: 0 var,  0 idcode,  0 callback
150 VC callback profile - scalar:0 vector:1
151 Wed Mar 30 22:12:18 2022
152 sps_call_fsdbDumpMDA at 0 : /home/t107360223/Desktop/icc/tb.sv(52)
153 *Verdi* : Begin traversing the MDAs, layer (0).
154 *Verdi* : Enable +mda and +packedmda dumping.
155 *Verdi* WARNING: [NoReadAccess][FilterOut]Name:testfixture.charcount(25)
156 *Verdi* WARNING: [NoReadAccess][FilterOut]Name:testfixture.freturn(25)
157 *Verdi* WARNING: [NoReadAccess][FilterOut]Name:testfixture.patnum(25)
158 *Verdi* WARNING: [NoReadAccess][FilterOut]Name:testfixture.CLK(48)
159 *Verdi* WARNING: [NoReadAccess][FilterOut]Name:testfixture.RST(48)
160 *Verdi* WARNING: [NoReadAccess][FilterOut]Name:testfixture.Cost(48)
161 *Verdi* WARNING: [NoReadAccess][FilterOut]Name:testfixture.cycle(48)
162 *Verdi* WARNING: [NoReadAccess][FilterOut]Name:testfixture.costrom(116)
163 *Verdi* WARNING: [NoReadAccess][FilterOut]Name:testfixture.key_value(25)
164 *Verdi* WARNING: [NoReadAccess][FilterOut]Name:testfixture.v0(25)
165 *Verdi* WARNING: [NoReadAccess][FilterOut]Name:testfixture.v1(25)
166 *Verdi* WARNING: [NoReadAccess][FilterOut]Name:testfixture.v2(25)
167 *Verdi* WARNING: [NoReadAccess][FilterOut]Name:testfixture.v3(25)
168 *Verdi* WARNING: [NoReadAccess][FilterOut]Name:testfixture.v4(25)
169 *Verdi* WARNING: [NoReadAccess][FilterOut]Name:testfixture.v5(25)
170 *Verdi* WARNING: [NoReadAccess][FilterOut]Name:testfixture.v6(25)
171 *Verdi* WARNING: [NoReadAccess][FilterOut]Name:testfixture.v7(25)
172 *Verdi* WARNING: [NoReadAccess][FilterOut]Name:testfixture.worker(25)
173 *Verdi* WARNING: [NoReadAccess][FilterOut]Name:testfixture.i(25)
174 *Verdi* WARNING: [NoReadAccess][FilterOut]Name:testfixture.j(25)
175 *Verdi* WARNING: [NoReadAccess][FilterOut]Name:testfixture.goldMatchCount(48)
176 *Verdi* WARNING: [NoReadAccess][FilterOut]Name:testfixture.goldMinCost(48)
177 *Verdi* WARNING: [NoReadAccess][FilterOut]Name:testfixture.wait_valid(48)
178 *Verdi* WARNING: [NoReadAccess][FilterOut]Name:testfixture.Valid(36)
179 *Verdi* WARNING: [NoReadAccess][FilterOut]Name:testfixture.W(36)
180 *Verdi* WARNING: [NoReadAccess][FilterOut]Name:testfixture.J(36)
181 *Verdi* WARNING: [NoReadAccess][FilterOut]Name:testfixture.MatchCount(36)
182 *Verdi* WARNING: [NoReadAccess][FilterOut]Name:testfixture.MinCost(36)
183 *Verdi* WARNING: [NoReadAccess][FilterOut]Name:testfixture.u_JAM.W(48)
184 *Verdi* WARNING: [NoReadAccess][FilterOut]Name:testfixture.u_JAM.J(48)
185 *Verdi* WARNING: [NoReadAccess][FilterOut]Name:testfixture.u_JAM.MatchCount(48)
186 *Verdi* WARNING: [NoReadAccess][FilterOut]Name:testfixture.u_JAM.MinCost(48)
187 *Verdi* WARNING: [NoReadAccess][FilterOut]Name:testfixture.u_JAM.Valid(48)
188 *Verdi* WARNING: [NoReadAccess][FilterOut]Name:testfixture.u_JAM.state(48)
189 *Verdi* WARNING: [NoReadAccess][FilterOut]Name:testfixture.u_JAM.nx_state(48)
190 *Verdi* WARNING: [NoReadAccess][FilterOut]Name:testfixture.u_JAM.n(116)
191 *Verdi* WARNING: [NoReadAccess][FilterOut]Name:testfixture.u_JAM.counter_RES(48)
192 *Verdi* WARNING: [NoReadAccess][FilterOut]Name:testfixture.u_JAM.sum(48)
193 *Verdi* WARNING: [NoReadAccess][FilterOut]Name:testfixture.u_JAM.counter(48)
194 *Verdi* WARNING: [NoReadAccess][FilterOut]Name:testfixture.u_JAM.change_point(48)
195 *Verdi* WARNING: [NoReadAccess][FilterOut]Name:testfixture.u_JAM.find_fn(48)
196 *Verdi* WARNING: [NoReadAccess][FilterOut]Name:testfixture.u_JAM.finish(48)
197 *Verdi* WARNING: [NoReadAccess][FilterOut]Name:testfixture.u_JAM.mini_idx(48)
198 *Verdi* WARNING: [NoReadAccess][FilterOut]Name:testfixture.u_JAM.counter_sort(48)
199 *Verdi* WARNING: [NoReadAccess][FilterOut]Name:testfixture.u_JAM.sort_fn(48)
200 *Verdi* WARNING: [NoReadAccess][FilterOut]Name:testfixture.u_JAM.CLK(36)
201 *Verdi* WARNING: [NoReadAccess][FilterOut]Name:testfixture.u_JAM.RST(36)
202 *Verdi* WARNING: [NoReadAccess][FilterOut]Name:testfixture.u_JAM.Cost(36)
203 *Verdi* WARNING: [NoReadAccess][FilterOut]Name:testfixture.u_JAM.cnt1(36)
204 *Verdi* : End of traversing the MDAs.
205 fsdbDumpMDA traverse var: profile - 
          CPU/Mem usage: 0.060 sys,  0.030 user,  145.18M sys,  0.00M vm
                   incr: 0.000 sys,  0.000 user,  0.00M sys,  0.00M vm
                   accu: 0.000 sys,  0.000 user,  0.00M sys,  0.00M vm
              accu incr: 0.000 sys,  0.000 user,  0.00M sys,  0.00M vm

          Count usage: 1 var,  1 idcode,  1 callback
                 incr: 0 var,  0 idcode,  0 callback
                 accu: 0 var,  0 idcode,  0 callback
            accu incr: 0 var,  0 idcode,  0 callback
206 VC callback profile - scalar:0 vector:1
207 Wed Mar 30 22:12:18 2022
208 fsdbDumpMDA: profile - 
          CPU/Mem usage: 0.060 sys,  0.030 user,  145.18M sys,  0.00M vm
                   incr: 0.000 sys,  0.000 user,  0.00M sys,  0.00M vm
                   accu: 0.000 sys,  0.000 user,  0.00M sys,  0.00M vm
              accu incr: 0.000 sys,  0.000 user,  0.00M sys,  0.00M vm

          Count usage: 1 var,  1 idcode,  1 callback
                 incr: 0 var,  0 idcode,  0 callback
                 accu: 0 var,  0 idcode,  0 callback
            accu incr: 0 var,  0 idcode,  0 callback
209 VC callback profile - scalar:0 vector:1
210 Wed Mar 30 22:12:18 2022
211 End of simulation at 582079500
212 VC callback profile - scalar:0 vector:2
213 Wed Mar 30 22:12:18 2022
214 Begin FSDB profile info:
215 FSDB Writer : bc1(0) bcn(2) mtf/stf(0/0)
FSDB Writer elapsed time : flush(0.080568) io wait(0.000000) theadpool wait(0.000000)
FSDB Writer cpu time : MT Compression : 0
216 End FSDB profile info
217 Parallel profile    -  Flush:4 Expand:0 ProduceWait:0 ConsumerWait:0 BlockUsed:1
218                        ProduceTime:0.311110088 ConsumerTime:0.000000000 Buffer:64MB
219 SimExit
220 Sim process exit
