 
****************************************
Report : timing
        -path full
        -delay max
        -max_paths 1
Design : STI_DAC
Version: Q-2019.12
Date   : Wed Mar  9 18:28:54 2022
****************************************

Operating Conditions: slow   Library: slow
Wire Load Model Mode: top

  Startpoint: pi_msb (input port clocked by clk)
  Endpoint: state_reg[0]
            (rising edge-triggered flip-flop clocked by clk)
  Path Group: clk
  Path Type: max

  Des/Clust/Port     Wire Load Model       Library
  ------------------------------------------------
  STI_DAC            tsmc13_wl10           slow

  Point                                    Incr       Path
  -----------------------------------------------------------
  clock clk (rise edge)                    0.00       0.00
  clock network delay (ideal)              0.50       0.50
  input external delay                     5.00       5.50 f
  pi_msb (in)                              0.05       5.55 f
  U262/Y (NOR4X1)                          0.52       6.07 r
  U261/Y (CLKINVX1)                        0.42       6.50 f
  U252/Y (OAI31XL)                         0.62       7.12 r
  U251/Y (AOI32X1)                         0.24       7.36 f
  U250/Y (OAI21XL)                         0.33       7.69 r
  U249/Y (MXI2X1)                          0.35       8.05 f
  U248/Y (AOI21X1)                         0.31       8.36 r
  U246/Y (OAI221XL)                        0.29       8.64 f
  state_reg[0]/D (DFFRX1)                  0.00       8.64 f
  data arrival time                                   8.64

  clock clk (rise edge)                   10.00      10.00
  clock network delay (ideal)              0.50      10.50
  clock uncertainty                       -0.10      10.40
  state_reg[0]/CK (DFFRX1)                 0.00      10.40 r
  library setup time                      -0.27      10.13
  data required time                                 10.13
  -----------------------------------------------------------
  data required time                                 10.13
  data arrival time                                  -8.64
  -----------------------------------------------------------
  slack (MET)                                         1.49


1
