 
****************************************
Report : timing
        -path full
        -delay max
        -max_paths 1
Design : ISE
Version: Q-2019.12
Date   : Wed Apr 27 11:51:55 2022
****************************************

Operating Conditions: slow   Library: slow
Wire Load Model Mode: top

  Startpoint: cnt_reg[0][3]
              (rising edge-triggered flip-flop clocked by clk)
  Endpoint: i_reg[4] (rising edge-triggered flip-flop clocked by clk)
  Path Group: clk
  Path Type: max

  Point                                                   Incr       Path
  --------------------------------------------------------------------------
  clock clk (rise edge)                                   0.00       0.00
  clock network delay (ideal)                             0.50       0.50
  cnt_reg[0][3]/CK (DFFRX1)                               0.00       0.50 r
  cnt_reg[0][3]/Q (DFFRX1)                                0.58       1.08 f
  U1160/Y (AND2X2)                                        0.20       1.28 f
  U1162/Y (OAI32X1)                                       0.20       1.48 r
  U1161/Y (CLKINVX1)                                      0.09       1.57 f
  U1145/Y (AO22X1)                                        0.32       1.89 f
  U1156/Y (OAI33X1)                                       0.11       2.01 r
  U1155/Y (AO21X1)                                        0.17       2.18 r
  U1149/Y (AOI32X1)                                       0.06       2.24 f
  U1147/Y (AO22X1)                                        0.32       2.56 f
  U1144/Y (OAI221XL)                                      0.20       2.76 r
  U864/Y (NOR2X1)                                         0.13       2.89 f
  U883/Y (NOR2X1)                                         0.16       3.05 r
  U882/Y (CLKINVX1)                                       0.53       3.58 f
  U886/Y (OAI222XL)                                       0.48       4.07 r
  div_136/b[14] (ISE_DW_div_uns_6)                        0.00       4.07 r
  div_136/U21/Y (CLKINVX1)                                0.45       4.52 f
  div_136/U124/Y (NAND2X1)                                0.22       4.74 r
  div_136/U89/Y (CLKINVX1)                                0.09       4.82 f
  div_136/U158/Y (NAND2X1)                                0.12       4.95 r
  div_136/U164/Y (OR2X1)                                  0.16       5.11 r
  div_136/U110/Y (NAND2BX1)                               0.15       5.25 r
  div_136/U111/Y (NAND2BX1)                               0.17       5.42 r
  div_136/U88/Y (CLKINVX1)                                0.08       5.50 f
  div_136/U162/Y (NAND2X1)                                0.09       5.59 r
  div_136/U105/Y (NAND2BX1)                               0.18       5.77 r
  div_136/U160/Y (OR2X1)                                  0.18       5.95 r
  div_136/U130/Y (NOR2X1)                                 0.07       6.01 f
  div_136/u_div/u_mx_PartRem_0_24_0/Y (CLKMX2X2)          0.21       6.22 r
  div_136/U98/Y (NOR2X1)                                  0.06       6.29 f
  div_136/U87/Y (OAI21XL)                                 0.20       6.49 r
  div_136/U86/Y (CLKINVX1)                                0.08       6.57 f
  div_136/U85/Y (NOR2X1)                                  0.18       6.75 r
  div_136/u_div/u_mx_PartRem_0_23_0/Y (CLKMX2X2)          0.26       7.01 r
  div_136/U99/Y (NOR2X1)                                  0.06       7.07 f
  div_136/U63/Y (OAI21XL)                                 0.29       7.37 r
  div_136/U104/Y (AOI21X1)                                0.13       7.50 f
  div_136/U103/Y (NOR3X1)                                 0.30       7.80 r
  div_136/u_div/u_mx_PartRem_0_22_0/Y (CLKMX2X2)          0.33       8.13 r
  div_136/U100/Y (NOR2X1)                                 0.06       8.19 f
  div_136/U53/Y (OAI21XL)                                 0.37       8.56 r
  div_136/U68/Y (AOI21X1)                                 0.14       8.69 f
  div_136/U67/Y (NOR2X1)                                  0.30       8.99 r
  div_136/u_div/u_mx_PartRem_0_21_0/Y (CLKMX2X2)          0.32       9.31 r
  div_136/U101/Y (NOR2X1)                                 0.06       9.37 f
  div_136/U55/Y (OAI21XL)                                 0.28       9.65 r
  div_136/U26/Y (AOI21X1)                                 0.15       9.79 f
  div_136/U61/Y (OAI21XL)                                 0.20      10.00 r
  div_136/U60/Y (CLKINVX1)                                0.08      10.08 f
  div_136/U59/Y (NOR2X1)                                  0.34      10.42 r
  div_136/u_div/u_mx_PartRem_0_20_0/Y (CLKMX2X2)          0.34      10.76 r
  div_136/u_div/u_add_PartRem_1_19/A[0] (ISE_DW01_add_206)
                                                          0.00      10.76 r
  div_136/u_div/u_add_PartRem_1_19/U73/Y (NOR2X1)         0.06      10.82 f
  div_136/u_div/u_add_PartRem_1_19/U52/Y (OAI21XL)        0.28      11.10 r
  div_136/u_div/u_add_PartRem_1_19/U44/Y (AOI21X1)        0.16      11.26 f
  div_136/u_div/u_add_PartRem_1_19/U72/Y (OAI21XL)        0.21      11.47 r
  div_136/u_div/u_add_PartRem_1_19/CO (ISE_DW01_add_206)
                                                          0.00      11.47 r
  div_136/U96/Y (CLKINVX1)                                0.09      11.55 f
  div_136/U18/Y (NOR3BX1)                                 0.46      12.01 r
  div_136/u_div/u_mx_PartRem_0_19_0/Y (CLKMX2X2)          0.38      12.39 r
  div_136/u_div/u_add_PartRem_1_18/A[0] (ISE_DW01_add_207)
                                                          0.00      12.39 r
  div_136/u_div/u_add_PartRem_1_18/U93/Y (NOR2X1)         0.06      12.46 f
  div_136/u_div/u_add_PartRem_1_18/U78/Y (OAI21XL)        0.28      12.73 r
  div_136/u_div/u_add_PartRem_1_18/U56/Y (AOI21X1)        0.17      12.91 f
  div_136/u_div/u_add_PartRem_1_18/U76/Y (OAI21XL)        0.21      13.12 r
  div_136/u_div/u_add_PartRem_1_18/CO (ISE_DW01_add_207)
                                                          0.00      13.12 r
  div_136/U52/Y (CLKINVX1)                                0.08      13.20 f
  div_136/U51/Y (NOR2X1)                                  0.45      13.65 r
  div_136/u_div/u_mx_PartRem_0_18_0/Y (CLKMX2X2)          0.38      14.03 r
  div_136/u_div/u_add_PartRem_1_17/A[0] (ISE_DW01_add_208)
                                                          0.00      14.03 r
  div_136/u_div/u_add_PartRem_1_17/U115/Y (NOR2X1)        0.06      14.09 f
  div_136/u_div/u_add_PartRem_1_17/U93/Y (OAI21XL)        0.28      14.37 r
  div_136/u_div/u_add_PartRem_1_17/U69/Y (AOI21X1)        0.12      14.49 f
  div_136/u_div/u_add_PartRem_1_17/U68/Y (CLKBUFX3)       0.18      14.67 f
  div_136/u_div/u_add_PartRem_1_17/U90/Y (OAI21XL)        0.19      14.86 r
  div_136/u_div/u_add_PartRem_1_17/CO (ISE_DW01_add_208)
                                                          0.00      14.86 r
  div_136/U50/Y (CLKINVX1)                                0.08      14.94 f
  div_136/U49/Y (NOR2X1)                                  0.50      15.44 r
  div_136/u_div/u_mx_PartRem_0_17_0/Y (CLKMX2X2)          0.40      15.85 r
  div_136/u_div/u_add_PartRem_1_16/A[0] (ISE_DW01_add_209)
                                                          0.00      15.85 r
  div_136/u_div/u_add_PartRem_1_16/U130/Y (NOR2X1)        0.06      15.91 f
  div_136/u_div/u_add_PartRem_1_16/U105/Y (OAI21XL)       0.28      16.19 r
  div_136/u_div/u_add_PartRem_1_16/U83/Y (AOI21X1)        0.14      16.33 f
  div_136/u_div/u_add_PartRem_1_16/U108/Y (OAI21XL)       0.25      16.58 r
  div_136/u_div/u_add_PartRem_1_16/U76/Y (AO21X1)         0.21      16.79 r
  div_136/u_div/u_add_PartRem_1_16/CO (ISE_DW01_add_209)
                                                          0.00      16.79 r
  div_136/U90/Y (CLKINVX1)                                0.05      16.85 f
  div_136/U1/Y (NOR2X1)                                   0.55      17.39 r
  div_136/u_div/u_mx_PartRem_0_16_0/Y (CLKMX2X2)          0.42      17.81 r
  div_136/u_div/u_add_PartRem_1_15/A[0] (ISE_DW01_add_210)
                                                          0.00      17.81 r
  div_136/u_div/u_add_PartRem_1_15/U148/Y (NOR2X1)        0.06      17.88 f
  div_136/u_div/u_add_PartRem_1_15/U115/Y (OAI21XL)       0.28      18.15 r
  div_136/u_div/u_add_PartRem_1_15/U95/Y (AOI21X1)        0.14      18.29 f
  div_136/u_div/u_add_PartRem_1_15/U110/Y (OAI21XL)       0.33      18.62 r
  div_136/u_div/u_add_PartRem_1_15/U89/Y (AO21X1)         0.22      18.84 r
  div_136/u_div/u_add_PartRem_1_15/CO (ISE_DW01_add_210)
                                                          0.00      18.84 r
  div_136/U95/Y (CLKINVX1)                                0.06      18.90 f
  div_136/U20/Y (NOR3X1)                                  0.76      19.66 r
  div_136/u_div/u_mx_PartRem_0_15_0/Y (CLKMX2X2)          0.49      20.14 r
  div_136/u_div/u_add_PartRem_1_14/A[0] (ISE_DW01_add_211)
                                                          0.00      20.14 r
  div_136/u_div/u_add_PartRem_1_14/U164/Y (NOR2X1)        0.07      20.21 f
  div_136/u_div/u_add_PartRem_1_14/U138/Y (OAI21XL)       0.28      20.49 r
  div_136/u_div/u_add_PartRem_1_14/U106/Y (AOI21X1)       0.14      20.63 f
  div_136/u_div/u_add_PartRem_1_14/U97/Y (OAI21XL)        0.40      21.02 r
  div_136/u_div/u_add_PartRem_1_14/U96/Y (AO21X1)         0.23      21.26 r
  div_136/u_div/u_add_PartRem_1_14/CO (ISE_DW01_add_211)
                                                          0.00      21.26 r
  div_136/U48/Y (CLKINVX1)                                0.05      21.31 f
  div_136/U2/Y (NOR2X1)                                   0.66      21.97 r
  div_136/u_div/u_mx_PartRem_0_14_0/Y (CLKMX2X2)          0.45      22.42 r
  div_136/u_div/u_add_PartRem_1_13/A[0] (ISE_DW01_add_212)
                                                          0.00      22.42 r
  div_136/u_div/u_add_PartRem_1_13/U192/Y (NOR2X1)        0.07      22.49 f
  div_136/u_div/u_add_PartRem_1_13/U149/Y (OAI21XL)       0.28      22.76 r
  div_136/u_div/u_add_PartRem_1_13/U122/Y (AOI21X1)       0.14      22.90 f
  div_136/u_div/u_add_PartRem_1_13/U128/Y (OAI21XL)       0.19      23.10 r
  div_136/u_div/u_add_PartRem_1_13/U127/Y (CLKBUFX3)      0.19      23.28 r
  div_136/u_div/u_add_PartRem_1_13/U112/Y (AO21X1)        0.16      23.45 r
  div_136/u_div/u_add_PartRem_1_13/CO (ISE_DW01_add_212)
                                                          0.00      23.45 r
  div_136/U168/Y (CLKINVX1)                               0.05      23.50 f
  div_136/U167/Y (NOR3BXL)                                0.20      23.69 r
  div_136/U166/Y (CLKBUFX3)                               0.30      23.99 r
  div_136/u_div/u_mx_PartRem_0_13_0/Y (CLKMX2X2)          0.27      24.26 r
  div_136/u_div/u_add_PartRem_1_12/A[0] (ISE_DW01_add_213)
                                                          0.00      24.26 r
  div_136/u_div/u_add_PartRem_1_12/U211/Y (NOR2X1)        0.06      24.33 f
  div_136/u_div/u_add_PartRem_1_12/U181/Y (OAI21XL)       0.28      24.60 r
  div_136/u_div/u_add_PartRem_1_12/U137/Y (AOI21X1)       0.14      24.74 f
  div_136/u_div/u_add_PartRem_1_12/U156/Y (OAI21XL)       0.19      24.94 r
  div_136/u_div/u_add_PartRem_1_12/U155/Y (CLKBUFX3)      0.19      25.13 r
  div_136/u_div/u_add_PartRem_1_12/U120/Y (AO21X1)        0.17      25.30 r
  div_136/u_div/u_add_PartRem_1_12/CO (ISE_DW01_add_213)
                                                          0.00      25.30 r
  div_136/U93/Y (CLKINVX1)                                0.05      25.35 f
  div_136/U92/Y (NOR2X1)                                  0.08      25.43 r
  div_136/U91/Y (CLKBUFX3)                                0.27      25.71 r
  div_136/u_div/u_mx_PartRem_0_12_0/Y (CLKMX2X2)          0.28      25.98 r
  div_136/u_div/u_add_PartRem_1_11/A[0] (ISE_DW01_add_214)
                                                          0.00      25.98 r
  div_136/u_div/u_add_PartRem_1_11/U231/Y (NOR2X1)        0.06      26.05 f
  div_136/u_div/u_add_PartRem_1_11/U179/Y (OAI21XL)       0.28      26.32 r
  div_136/u_div/u_add_PartRem_1_11/U149/Y (AOI21X1)       0.14      26.46 f
  div_136/u_div/u_add_PartRem_1_11/U156/Y (OAI21XL)       0.19      26.66 r
  div_136/u_div/u_add_PartRem_1_11/U155/Y (CLKBUFX3)      0.20      26.86 r
  div_136/u_div/u_add_PartRem_1_11/U133/Y (AO21X1)        0.17      27.03 r
  div_136/u_div/u_add_PartRem_1_11/CO (ISE_DW01_add_214)
                                                          0.00      27.03 r
  div_136/U97/Y (CLKINVX1)                                0.05      27.08 f
  div_136/U19/Y (NOR2X1)                                  0.82      27.90 r
  div_136/u_div/u_mx_PartRem_0_11_3/Y (CLKMX2X2)          0.50      28.40 r
  div_136/u_div/u_add_PartRem_1_10/A[3] (ISE_DW01_add_215)
                                                          0.00      28.40 r
  div_136/u_div/u_add_PartRem_1_10/U255/Y (NAND2X1)       0.09      28.48 f
  div_136/u_div/u_add_PartRem_1_10/U218/Y (OAI21XL)       0.36      28.84 r
  div_136/u_div/u_add_PartRem_1_10/U193/Y (AOI21X1)       0.12      28.96 f
  div_136/u_div/u_add_PartRem_1_10/U191/Y (OAI21XL)       0.11      29.07 r
  div_136/u_div/u_add_PartRem_1_10/U190/Y (CLKBUFX3)      0.21      29.28 r
  div_136/u_div/u_add_PartRem_1_10/U145/Y (AO21X1)        0.83      30.11 r
  div_136/u_div/u_add_PartRem_1_10/CO (ISE_DW01_add_215)
                                                          0.00      30.11 r
  div_136/u_div/u_mx_PartRem_0_10_3/Y (CLKMX2X2)          0.47      30.59 r
  div_136/u_div/u_add_PartRem_0_9/A[3] (ISE_DW01_add_216)
                                                          0.00      30.59 r
  div_136/u_div/u_add_PartRem_0_9/U258/Y (NAND2X1)        0.09      30.67 f
  div_136/u_div/u_add_PartRem_0_9/U221/Y (OAI21XL)        0.36      31.03 r
  div_136/u_div/u_add_PartRem_0_9/U196/Y (AOI21X1)        0.12      31.15 f
  div_136/u_div/u_add_PartRem_0_9/U194/Y (OAI21XL)        0.11      31.26 r
  div_136/u_div/u_add_PartRem_0_9/U193/Y (CLKBUFX3)       0.21      31.48 r
  div_136/u_div/u_add_PartRem_0_9/U147/Y (AO21X2)         0.43      31.91 r
  div_136/u_div/u_add_PartRem_0_9/CO (ISE_DW01_add_216)
                                                          0.00      31.91 r
  div_136/u_div/u_mx_PartRem_0_9_0/Y (CLKMX2X2)           0.34      32.25 r
  div_136/u_div/u_add_PartRem_0_8/A[0] (ISE_DW01_add_217)
                                                          0.00      32.25 r
  div_136/u_div/u_add_PartRem_0_8/U257/Y (NOR2X1)         0.06      32.31 f
  div_136/u_div/u_add_PartRem_0_8/U222/Y (OAI21XL)        0.28      32.59 r
  div_136/u_div/u_add_PartRem_0_8/U167/Y (AOI21X1)        0.14      32.73 f
  div_136/u_div/u_add_PartRem_0_8/U194/Y (OAI21XL)        0.19      32.92 r
  div_136/u_div/u_add_PartRem_0_8/U193/Y (CLKBUFX3)       0.21      33.13 r
  div_136/u_div/u_add_PartRem_0_8/U147/Y (AO21X1)         0.82      33.95 r
  div_136/u_div/u_add_PartRem_0_8/CO (ISE_DW01_add_217)
                                                          0.00      33.95 r
  div_136/u_div/u_mx_PartRem_0_8_3/Y (CLKMX2X2)           0.47      34.43 r
  div_136/u_div/u_add_PartRem_0_7/A[3] (ISE_DW01_add_218)
                                                          0.00      34.43 r
  div_136/u_div/u_add_PartRem_0_7/U258/Y (NAND2X1)        0.09      34.51 f
  div_136/u_div/u_add_PartRem_0_7/U221/Y (OAI21XL)        0.36      34.87 r
  div_136/u_div/u_add_PartRem_0_7/U196/Y (AOI21X1)        0.12      34.99 f
  div_136/u_div/u_add_PartRem_0_7/U194/Y (OAI21XL)        0.11      35.10 r
  div_136/u_div/u_add_PartRem_0_7/U193/Y (CLKBUFX3)       0.21      35.31 r
  div_136/u_div/u_add_PartRem_0_7/U147/Y (AO21X2)         0.43      35.74 r
  div_136/u_div/u_add_PartRem_0_7/CO (ISE_DW01_add_218)
                                                          0.00      35.74 r
  div_136/u_div/u_mx_PartRem_0_7_0/Y (CLKMX2X2)           0.34      36.09 r
  div_136/u_div/u_add_PartRem_0_6/A[0] (ISE_DW01_add_219)
                                                          0.00      36.09 r
  div_136/u_div/u_add_PartRem_0_6/U257/Y (NOR2X1)         0.06      36.15 f
  div_136/u_div/u_add_PartRem_0_6/U222/Y (OAI21XL)        0.28      36.42 r
  div_136/u_div/u_add_PartRem_0_6/U167/Y (AOI21X1)        0.14      36.57 f
  div_136/u_div/u_add_PartRem_0_6/U194/Y (OAI21XL)        0.19      36.76 r
  div_136/u_div/u_add_PartRem_0_6/U193/Y (CLKBUFX3)       0.21      36.97 r
  div_136/u_div/u_add_PartRem_0_6/U147/Y (AO21X2)         0.43      37.40 r
  div_136/u_div/u_add_PartRem_0_6/CO (ISE_DW01_add_219)
                                                          0.00      37.40 r
  div_136/u_div/u_mx_PartRem_0_6_0/Y (CLKMX2X2)           0.34      37.74 r
  div_136/u_div/u_add_PartRem_0_5/A[0] (ISE_DW01_add_220)
                                                          0.00      37.74 r
  div_136/u_div/u_add_PartRem_0_5/U257/Y (NOR2X1)         0.06      37.81 f
  div_136/u_div/u_add_PartRem_0_5/U222/Y (OAI21XL)        0.28      38.08 r
  div_136/u_div/u_add_PartRem_0_5/U167/Y (AOI21X1)        0.14      38.22 f
  div_136/u_div/u_add_PartRem_0_5/U194/Y (OAI21XL)        0.19      38.42 r
  div_136/u_div/u_add_PartRem_0_5/U193/Y (CLKBUFX3)       0.21      38.63 r
  div_136/u_div/u_add_PartRem_0_5/U147/Y (AO21X2)         0.43      39.06 r
  div_136/u_div/u_add_PartRem_0_5/CO (ISE_DW01_add_220)
                                                          0.00      39.06 r
  div_136/u_div/u_mx_PartRem_0_5_0/Y (CLKMX2X2)           0.34      39.40 r
  div_136/u_div/u_add_PartRem_0_4/A[0] (ISE_DW01_add_221)
                                                          0.00      39.40 r
  div_136/u_div/u_add_PartRem_0_4/U257/Y (NOR2X1)         0.06      39.47 f
  div_136/u_div/u_add_PartRem_0_4/U222/Y (OAI21XL)        0.28      39.74 r
  div_136/u_div/u_add_PartRem_0_4/U167/Y (AOI21X1)        0.14      39.88 f
  div_136/u_div/u_add_PartRem_0_4/U194/Y (OAI21XL)        0.19      40.08 r
  div_136/u_div/u_add_PartRem_0_4/U193/Y (CLKBUFX3)       0.21      40.29 r
  div_136/u_div/u_add_PartRem_0_4/U146/Y (AO21X2)         0.44      40.73 r
  div_136/u_div/u_add_PartRem_0_4/CO (ISE_DW01_add_221)
                                                          0.00      40.73 r
  div_136/u_div/u_mx_PartRem_0_4_0/Y (CLKMX2X2)           0.35      41.07 r
  div_136/u_div/u_add_PartRem_0_3/A[0] (ISE_DW01_add_222)
                                                          0.00      41.07 r
  div_136/u_div/u_add_PartRem_0_3/U257/Y (NOR2X1)         0.06      41.13 f
  div_136/u_div/u_add_PartRem_0_3/U222/Y (OAI21XL)        0.28      41.41 r
  div_136/u_div/u_add_PartRem_0_3/U167/Y (AOI21X1)        0.14      41.55 f
  div_136/u_div/u_add_PartRem_0_3/U194/Y (OAI21XL)        0.19      41.74 r
  div_136/u_div/u_add_PartRem_0_3/U193/Y (CLKBUFX3)       0.21      41.96 r
  div_136/u_div/u_add_PartRem_0_3/U147/Y (AO21X2)         0.43      42.39 r
  div_136/u_div/u_add_PartRem_0_3/CO (ISE_DW01_add_222)
                                                          0.00      42.39 r
  div_136/u_div/u_mx_PartRem_0_3_0/Y (CLKMX2X2)           0.34      42.73 r
  div_136/u_div/u_add_PartRem_0_2/A[0] (ISE_DW01_add_223)
                                                          0.00      42.73 r
  div_136/u_div/u_add_PartRem_0_2/U257/Y (NOR2X1)         0.06      42.79 f
  div_136/u_div/u_add_PartRem_0_2/U222/Y (OAI21XL)        0.28      43.07 r
  div_136/u_div/u_add_PartRem_0_2/U167/Y (AOI21X1)        0.14      43.21 f
  div_136/u_div/u_add_PartRem_0_2/U194/Y (OAI21XL)        0.19      43.40 r
  div_136/u_div/u_add_PartRem_0_2/U193/Y (CLKBUFX3)       0.21      43.61 r
  div_136/u_div/u_add_PartRem_0_2/U147/Y (AO21X1)         0.80      44.41 r
  div_136/u_div/u_add_PartRem_0_2/CO (ISE_DW01_add_223)
                                                          0.00      44.41 r
  div_136/u_div/u_mx_PartRem_0_2_3/Y (CLKMX2X2)           0.47      44.88 r
  div_136/u_div/u_add_PartRem_0_1/A[3] (ISE_DW01_add_224)
                                                          0.00      44.88 r
  div_136/u_div/u_add_PartRem_0_1/U258/Y (NAND2X1)        0.09      44.96 f
  div_136/u_div/u_add_PartRem_0_1/U221/Y (OAI21XL)        0.36      45.32 r
  div_136/u_div/u_add_PartRem_0_1/U196/Y (AOI21X1)        0.12      45.44 f
  div_136/u_div/u_add_PartRem_0_1/U194/Y (OAI21XL)        0.11      45.55 r
  div_136/u_div/u_add_PartRem_0_1/U193/Y (CLKBUFX3)       0.21      45.76 r
  div_136/u_div/u_add_PartRem_0_1/U147/Y (AO21X1)         0.80      46.56 r
  div_136/u_div/u_add_PartRem_0_1/CO (ISE_DW01_add_224)
                                                          0.00      46.56 r
  div_136/u_div/u_mx_PartRem_0_1_8/Y (CLKMX2X2)           0.45      47.01 r
  div_136/u_div/u_add_PartRem_0_0/A[8] (ISE_DW01_add_225)
                                                          0.00      47.01 r
  div_136/u_div/u_add_PartRem_0_0/U161/Y (NOR2X1)         0.06      47.08 f
  div_136/u_div/u_add_PartRem_0_0/U190/Y (OAI21XL)        0.23      47.30 r
  div_136/u_div/u_add_PartRem_0_0/U188/Y (AOI21X1)        0.10      47.41 f
  div_136/u_div/u_add_PartRem_0_0/U186/Y (OAI21XL)        0.17      47.57 r
  div_136/u_div/u_add_PartRem_0_0/U157/Y (AO21X1)         0.24      47.81 r
  div_136/u_div/u_add_PartRem_0_0/CO (ISE_DW01_add_225)
                                                          0.00      47.81 r
  div_136/quotient[0] (ISE_DW_div_uns_6)                  0.00      47.81 r
  U1126/Y (AOI2BB2X1)                                     0.10      47.91 f
  U950/Y (OAI32X1)                                        0.22      48.13 r
  U949/Y (AND3X2)                                         0.19      48.32 r
  U944/Y (OAI211X1)                                       0.08      48.40 f
  U942/Y (AO22X1)                                         0.30      48.70 f
  U947/Y (OAI33X1)                                        0.11      48.82 r
  U946/Y (AO21X1)                                         0.17      48.99 r
  U956/Y (OAI211X1)                                       0.10      49.09 f
  U954/Y (OAI211X1)                                       0.11      49.19 r
  U953/Y (CLKINVX1)                                       0.08      49.28 f
  U939/Y (OR2X1)                                          0.25      49.52 f
  U938/Y (OAI211X1)                                       0.17      49.69 r
  U937/Y (CLKINVX1)                                       0.12      49.81 f
  U940/Y (AOI21X1)                                        0.17      49.98 r
  U1140/Y (AO22X1)                                        0.18      50.16 r
  i_reg[4]/D (DFFRX1)                                     0.00      50.16 r
  data arrival time                                                 50.16

  clock clk (rise edge)                                  50.00      50.00
  clock network delay (ideal)                             0.50      50.50
  clock uncertainty                                      -0.10      50.40
  i_reg[4]/CK (DFFRX1)                                    0.00      50.40 r
  library setup time                                     -0.23      50.17
  data required time                                                50.17
  --------------------------------------------------------------------------
  data required time                                                50.17
  data arrival time                                                -50.16
  --------------------------------------------------------------------------
  slack (MET)                                                        0.01


1
