Loading db file '/home/cell_lib/CBDK_IC_Contest_v2.5/SynopsysDC/db/slow.db'
Information: Propagating switching activity (low effort zero delay simulation). (PWR-6)
Warning: Design has unannotated primary inputs. (PWR-414)
Warning: Design has unannotated sequential cell outputs. (PWR-415)
 
****************************************
Report : power
        -analysis_effort low
Design : IOTDF
Version: Q-2019.12
Date   : Mon May  2 12:26:33 2022
****************************************


Library(s) Used:

    slow (File: /home/cell_lib/CBDK_IC_Contest_v2.5/SynopsysDC/db/slow.db)


Operating Conditions: slow   Library: slow
Wire Load Model Mode: top


Global Operating Voltage = 1.08 
Power-specific unit information :
    Voltage Units = 1V
    Capacitance Units = 1.000000pf
    Time Units = 1ns
    Dynamic Power Units = 1mW    (derived from V,C,T units)
    Leakage Power Units = 1pW


  Cell Internal Power  = 837.6315 uW   (97%)
  Net Switching Power  =  25.1270 uW    (3%)
                         ---------
Total Dynamic Power    = 862.7585 uW  (100%)

Cell Leakage Power     =  28.0045 uW


                 Internal         Switching           Leakage            Total
Power Group      Power            Power               Power              Power   (   %    )  Attrs
--------------------------------------------------------------------------------------------------
io_pad             0.0000            0.0000            0.0000            0.0000  (   0.00%)
memory             0.0000            0.0000            0.0000            0.0000  (   0.00%)
black_box          0.0000            0.0000            0.0000            0.0000  (   0.00%)
clock_network      0.0000            0.0000            0.0000            0.0000  (   0.00%)
register           0.8216        3.5075e-03        1.1877e+07            0.8370  (  93.96%)
sequential         0.0000            0.0000            0.0000            0.0000  (   0.00%)
combinational  1.6052e-02        2.1620e-02        1.6127e+07        5.3799e-02  (   6.04%)
--------------------------------------------------------------------------------------------------
Total              0.8376 mW     2.5127e-02 mW     2.8004e+07 pW         0.8908 mW
1
