 
****************************************
Report : timing
        -path full
        -delay max
        -max_paths 1
Design : IOTDF
Version: Q-2019.12
Date   : Sun May  1 12:23:34 2022
****************************************

Operating Conditions: slow   Library: slow
Wire Load Model Mode: top

  Startpoint: sum_reg[64]
              (rising edge-triggered flip-flop clocked by clk)
  Endpoint: sum_reg[130]
            (rising edge-triggered flip-flop clocked by clk)
  Path Group: clk
  Path Type: max

  Point                                                   Incr       Path
  --------------------------------------------------------------------------
  clock clk (rise edge)                                   0.00       0.00
  clock network delay (ideal)                             1.00       1.00
  sum_reg[64]/CK (DFFRX1)                                 0.00       1.00 r
  sum_reg[64]/Q (DFFRX1)                                  0.44       1.44 r
  add_87_S2/A[64] (IOTDF_DW01_add_1)                      0.00       1.44 r
  add_87_S2/U1879/Y (NAND2X1)                             0.08       1.52 f
  add_87_S2/U1186/Y (OAI21XL)                             0.29       1.80 r
  add_87_S2/U1664/Y (AOI21X1)                             0.13       1.94 f
  add_87_S2/U1095/Y (OAI21XL)                             0.22       2.15 r
  add_87_S2/U1105/Y (AO21X1)                              0.23       2.38 r
  add_87_S2/U1094/Y (NAND2X1)                             0.06       2.45 f
  add_87_S2/U1120/Y (NAND2X1)                             0.08       2.53 r
  add_87_S2/U1151/Y (AOI21X1)                             0.08       2.61 f
  add_87_S2/U1102/Y (NAND2X1)                             0.10       2.71 r
  add_87_S2/U1193/Y (AOI21X1)                             0.10       2.81 f
  add_87_S2/U1136/Y (CLKINVX1)                            0.06       2.87 r
  add_87_S2/U1192/Y (NAND2X1)                             0.05       2.92 f
  add_87_S2/U1137/Y (NAND2X1)                             0.09       3.01 r
  add_87_S2/U1101/Y (AOI21X1)                             0.11       3.11 f
  add_87_S2/U1123/Y (OAI21XL)                             0.18       3.29 r
  add_87_S2/U1115/Y (AOI21XL)                             0.14       3.44 f
  add_87_S2/U1128/Y (CLKINVX1)                            0.07       3.51 r
  add_87_S2/U1126/Y (NAND2X1)                             0.05       3.56 f
  add_87_S2/U1127/Y (NAND2X1)                             0.09       3.64 r
  add_87_S2/U1131/Y (AOI21X1)                             0.12       3.76 f
  add_87_S2/U1091/Y (OAI21X2)                             0.13       3.89 r
  add_87_S2/U1122/Y (AOI21X1)                             0.10       3.99 f
  add_87_S2/U1628/Y (OAI21XL)                             0.23       4.23 r
  add_87_S2/U1244/Y (AOI21XL)                             0.16       4.38 f
  add_87_S2/U1627/Y (OAI21XL)                             0.25       4.63 r
  add_87_S2/U1245/Y (AOI21XL)                             0.16       4.78 f
  add_87_S2/U1626/Y (OAI21XL)                             0.25       5.03 r
  add_87_S2/U1246/Y (AOI21XL)                             0.16       5.19 f
  add_87_S2/U1625/Y (OAI21XL)                             0.25       5.44 r
  add_87_S2/U1247/Y (AOI21XL)                             0.16       5.59 f
  add_87_S2/U1624/Y (OAI21XL)                             0.25       5.84 r
  add_87_S2/U1248/Y (AOI21XL)                             0.16       5.99 f
  add_87_S2/U1623/Y (OAI21XL)                             0.25       6.24 r
  add_87_S2/U1249/Y (AOI21XL)                             0.16       6.40 f
  add_87_S2/U1622/Y (OAI21XL)                             0.25       6.64 r
  add_87_S2/U1250/Y (AOI21XL)                             0.16       6.80 f
  add_87_S2/U1621/Y (OAI21XL)                             0.25       7.05 r
  add_87_S2/U1251/Y (AOI21XL)                             0.16       7.20 f
  add_87_S2/U1620/Y (OAI21XL)                             0.25       7.45 r
  add_87_S2/U1252/Y (AOI21XL)                             0.16       7.61 f
  add_87_S2/U1619/Y (OAI21XL)                             0.25       7.85 r
  add_87_S2/U1253/Y (AOI21XL)                             0.16       8.01 f
  add_87_S2/U1618/Y (OAI21XL)                             0.25       8.26 r
  add_87_S2/U1254/Y (AOI21XL)                             0.14       8.40 f
  add_87_S2/U1100/Y (OAI21XL)                             0.24       8.65 r
  add_87_S2/U1255/Y (AOI21XL)                             0.15       8.79 f
  add_87_S2/U1125/Y (INVX1)                               0.09       8.88 r
  add_87_S2/U1119/Y (NAND2X1)                             0.06       8.94 f
  add_87_S2/U1114/Y (NAND2X1)                             0.09       9.02 r
  add_87_S2/U1110/Y (AO21X1)                              0.17       9.20 r
  add_87_S2/U1158/Y (NAND2X1)                             0.06       9.26 f
  add_87_S2/U1159/Y (NAND2X1)                             0.09       9.35 r
  add_87_S2/U1111/Y (AO21X1)                              0.17       9.52 r
  add_87_S2/U1329/Y (NAND2X1)                             0.06       9.58 f
  add_87_S2/U1330/Y (NAND2X1)                             0.09       9.66 r
  add_87_S2/U1630/Y (AOI21X1)                             0.09       9.76 f
  add_87_S2/U1616/Y (OAI21XL)                             0.22       9.98 r
  add_87_S2/U1359/Y (NAND2XL)                             0.14      10.13 f
  add_87_S2/U1814/Y (NOR2X1)                              0.10      10.23 r
  add_87_S2/U1407/Y (XOR2XL)                              0.13      10.36 f
  add_87_S2/SUM[130] (IOTDF_DW01_add_1)                   0.00      10.36 f
  U1049/Y (AO22X1)                                        0.31      10.67 f
  sum_reg[130]/D (DFFRX1)                                 0.00      10.67 f
  data arrival time                                                 10.67

  clock clk (rise edge)                                  10.00      10.00
  clock network delay (ideal)                             1.00      11.00
  clock uncertainty                                      -0.10      10.90
  sum_reg[130]/CK (DFFRX1)                                0.00      10.90 r
  library setup time                                     -0.21      10.69
  data required time                                                10.69
  --------------------------------------------------------------------------
  data required time                                                10.69
  data arrival time                                                -10.67
  --------------------------------------------------------------------------
  slack (MET)                                                        0.02


1
