 
****************************************
Report : area
Design : SET
Version: Q-2019.12
Date   : Thu Mar 17 16:32:15 2022
****************************************

Library(s) Used:

    slow (File: /home/cell_lib/CBDK_IC_Contest_v2.1/SynopsysDC/db/slow.db)

Number of ports:                           67
Number of nets:                           649
Number of cells:                          538
Number of combinational cells:            478
Number of sequential cells:                59
Number of macros/black boxes:               0
Number of buf/inv:                         97
Number of references:                     106

Combinational area:               4827.405577
Buf/Inv area:                      536.378392
Noncombinational area:            1950.312550
Macro/Black Box area:                0.000000
Net Interconnect area:           63046.982422

Total cell area:                  6777.718127
Total area:                      69824.700548
1
